2019-03-21 17:26:12 IBM-CLOUDFOUNDRY : # github.com/m-lukas/ibm-cloudfoundry
./main.go:11:14: undefined: time
./main.go:22:13: undefined: time
./main.go:34:4: undefined: t
exit status 2 
 2019-03-21 17:26:12 IBM-CLOUDFOUNDRY : # github.com/m-lukas/ibm-cloudfoundry
./main.go:11:14: undefined: time
./main.go:22:13: undefined: time
./main.go:34:4: undefined: t
exit status 2 
 2019-03-21 17:26:44 IBM-CLOUDFOUNDRY : # github.com/m-lukas/ibm-cloudfoundry
./main.go:35:4: undefined: t
exit status 2 
 2019-03-21 17:26:44 IBM-CLOUDFOUNDRY : # github.com/m-lukas/ibm-cloudfoundry
./main.go:35:4: undefined: t
exit status 2 
 2019-03-21 17:47:58 IBM-CLOUDFOUNDRY : there are some errors in 
 /Users/m-lukas/Documents/Projects/go/src/github.com/m-lukas/ibm-cloudfoundry/main.go:33:8: expected '{', found in
/Users/m-lukas/Documents/Projects/go/src/github.com/m-lukas/ibm-cloudfoundry/main.go:33:11: expected statement, found 'range'
/Users/m-lukas/Documents/Projects/go/src/github.com/m-lukas/ibm-cloudfoundry/main.go:39:3: expected ';', found 'EOF'
/Users/m-lukas/Documents/Projects/go/src/github.com/m-lukas/ibm-cloudfoundry/main.go:39:3: expected ';', found 'EOF'
/Users/m-lukas/Documents/Projects/go/src/github.com/m-lukas/ibm-cloudfoundry/main.go:39:3: expected '}', found 'EOF'
/Users/m-lukas/Documents/Projects/go/src/github.com/m-lukas/ibm-cloudfoundry/main.go:39:3: expected '}', found 'EOF'
exit status 22019-03-21 17:47:59 IBM-CLOUDFOUNDRY : # github.com/m-lukas/ibm-cloudfoundry
./main.go:33:8: syntax error: unexpected in, expecting {
./main.go:36:4: syntax error: unexpected { at end of statement
./main.go:37:3: syntax error: non-declaration statement outside function body
exit status 2 
 2019-03-21 17:47:59 IBM-CLOUDFOUNDRY : # github.com/m-lukas/ibm-cloudfoundry
./main.go:33:8: syntax error: unexpected in, expecting {
./main.go:36:4: syntax error: unexpected { at end of statement
./main.go:37:3: syntax error: non-declaration statement outside function body
exit status 2 
 2019-03-21 17:48:35 IBM-CLOUDFOUNDRY : # github.com/m-lukas/ibm-cloudfoundry
./main.go:33:6: x declared and not used
exit status 2 
 2019-03-21 17:48:36 IBM-CLOUDFOUNDRY : # github.com/m-lukas/ibm-cloudfoundry
./main.go:33:6: x declared and not used
exit status 2 
 2019-03-23 11:57:47 IBM-CLOUDFOUNDRY : # github.com/m-lukas/ibm-cloudfoundry
./main.go:35:4: undefined: inr32
exit status 2 
 2019-03-23 11:57:47 IBM-CLOUDFOUNDRY : # github.com/m-lukas/ibm-cloudfoundry
./main.go:35:4: undefined: inr32
exit status 2 
 2019-03-23 12:48:44 IBM-CLOUDFOUNDRY : there are some errors in 
 /Users/m-lukas/Documents/Projects/go/src/github.com/m-lukas/ibm-cloudfoundry/routes.go:1:1: expected 'package', found 'import'
/Users/m-lukas/Documents/Projects/go/src/github.com/m-lukas/ibm-cloudfoundry/routes.go:1:8: expected 'IDENT', found "net/http"
exit status 22019-03-23 12:48:44 IBM-CLOUDFOUNDRY : can't load package: package github.com/m-lukas/ibm-cloudfoundry: 
routes.go:1:1: expected 'package', found 'import'
exit status 1 
 2019-03-23 12:48:44 IBM-CLOUDFOUNDRY : can't load package: package github.com/m-lukas/ibm-cloudfoundry: 
routes.go:1:1: expected 'package', found 'import'
exit status 1 
 2019-03-23 12:49:00 IBM-CLOUDFOUNDRY : # github.com/m-lukas/ibm-cloudfoundry
./routes.go:5:6: home redeclared in this block
	previous declaration at ./main.go:32:37
exit status 2 
 2019-03-23 12:49:00 IBM-CLOUDFOUNDRY : # github.com/m-lukas/ibm-cloudfoundry
./routes.go:5:6: home redeclared in this block
	previous declaration at ./main.go:32:37
exit status 2 
 2019-03-23 12:49:30 IBM-CLOUDFOUNDRY : there are some errors in 
 /Users/m-lukas/Documents/Projects/go/src/github.com/m-lukas/ibm-cloudfoundry/db.go:1:1: expected 'package', found 'import'
/Users/m-lukas/Documents/Projects/go/src/github.com/m-lukas/ibm-cloudfoundry/db.go:1:8: expected 'IDENT', found '('
/Users/m-lukas/Documents/Projects/go/src/github.com/m-lukas/ibm-cloudfoundry/db.go:2:2: expected ';', found "database/sql"
exit status 22019-03-23 12:49:30 IBM-CLOUDFOUNDRY : can't load package: package github.com/m-lukas/ibm-cloudfoundry: 
db.go:1:1: expected 'package', found 'import'
db.go:2:2: expected ';', found "database/sql"
exit status 1 
 2019-03-23 12:49:30 IBM-CLOUDFOUNDRY : can't load package: package github.com/m-lukas/ibm-cloudfoundry: 
db.go:1:1: expected 'package', found 'import'
db.go:2:2: expected ';', found "database/sql"
exit status 1 
 2019-03-23 12:49:37 IBM-CLOUDFOUNDRY : # github.com/m-lukas/ibm-cloudfoundry
./db.go:17:2: undefined: checkErr
./db.go:20:2: undefined: checkErr
./routes.go:5:6: home redeclared in this block
	previous declaration at ./main.go:32:37
exit status 2 
 2019-03-23 12:49:37 IBM-CLOUDFOUNDRY : # github.com/m-lukas/ibm-cloudfoundry
./db.go:17:2: undefined: checkErr
./db.go:20:2: undefined: checkErr
./routes.go:5:6: home redeclared in this block
	previous declaration at ./main.go:32:37
exit status 2 
 2019-03-23 12:50:40 IBM-CLOUDFOUNDRY : # github.com/m-lukas/ibm-cloudfoundry
./db.go:17:2: undefined: checkErr
./db.go:20:2: undefined: checkErr
exit status 2 
 2019-03-23 12:50:40 IBM-CLOUDFOUNDRY : # github.com/m-lukas/ibm-cloudfoundry
./db.go:17:2: undefined: checkErr
./db.go:20:2: undefined: checkErr
exit status 2 
 2019-03-23 12:50:43 IBM-CLOUDFOUNDRY : # github.com/m-lukas/ibm-cloudfoundry
./db.go:17:2: undefined: checkErr
./db.go:20:2: undefined: checkErr
exit status 2 
 2019-03-23 12:50:43 IBM-CLOUDFOUNDRY : # github.com/m-lukas/ibm-cloudfoundry
./db.go:17:2: undefined: checkErr
./db.go:20:2: undefined: checkErr
exit status 2 
 2019-03-23 12:53:15 IBM-CLOUDFOUNDRY : # github.com/m-lukas/ibm-cloudfoundry
./main.go:26:2: db declared and not used
exit status 2 
 2019-03-23 12:53:15 IBM-CLOUDFOUNDRY : # github.com/m-lukas/ibm-cloudfoundry
./main.go:26:2: db declared and not used
exit status 2 
 2019-03-23 12:54:37 IBM-CLOUDFOUNDRY : main.go:9:2: cannot find package "github.com/lib/pq" in any of:
	/usr/local/go/src/github.com/lib/pq (from $GOROOT)
	/Users/m-lukas/Documents/Projects/go/src/github.com/lib/pq (from $GOPATH)
exit status 1 
 2019-03-23 12:54:37 IBM-CLOUDFOUNDRY : main.go:9:2: cannot find package "github.com/lib/pq" in any of:
	/usr/local/go/src/github.com/lib/pq (from $GOROOT)
	/Users/m-lukas/Documents/Projects/go/src/github.com/lib/pq (from $GOPATH)
exit status 1 
 2019-03-24 11:26:05 IBM-CLOUDFOUNDRY : # github.com/m-lukas/ibm-cloudfoundry
./main.go:32:6: no new variables on left side of :=
exit status 2 
 2019-03-24 11:26:05 IBM-CLOUDFOUNDRY : # github.com/m-lukas/ibm-cloudfoundry
./main.go:32:6: no new variables on left side of :=
exit status 2 
 2019-03-24 11:43:22 IBM-CLOUDFOUNDRY : # github.com/m-lukas/ibm-cloudfoundry
./db.go:39:1: missing return at end of function
exit status 2 
 2019-03-24 11:43:22 IBM-CLOUDFOUNDRY : # github.com/m-lukas/ibm-cloudfoundry
./db.go:39:1: missing return at end of function
exit status 2 
 2019-03-24 11:47:00 IBM-CLOUDFOUNDRY : # github.com/m-lukas/ibm-cloudfoundry
./db.go:38:15: undefined: db
./db.go:47:2: cannot use nil as type int in return argument
./db.go:47:2: cannot use nil as type string in return argument
exit status 2 
 2019-03-24 11:47:00 IBM-CLOUDFOUNDRY : # github.com/m-lukas/ibm-cloudfoundry
./db.go:38:15: undefined: db
./db.go:47:2: cannot use nil as type int in return argument
./db.go:47:2: cannot use nil as type string in return argument
exit status 2 
 2019-03-24 11:51:05 IBM-CLOUDFOUNDRY : there are some errors in 
 /Users/m-lukas/Documents/Projects/go/src/github.com/m-lukas/ibm-cloudfoundry/db.go:37:54: expected 'IDENT', found '*'
exit status 22019-03-24 11:51:05 IBM-CLOUDFOUNDRY : # github.com/m-lukas/ibm-cloudfoundry
./db.go:37:32: syntax error: mixed named and unnamed function parameters
exit status 2 
 2019-03-24 11:51:05 IBM-CLOUDFOUNDRY : # github.com/m-lukas/ibm-cloudfoundry
./db.go:37:32: syntax error: mixed named and unnamed function parameters
exit status 2 
 2019-03-24 11:51:12 IBM-CLOUDFOUNDRY : there are some errors in 
 /Users/m-lukas/Documents/Projects/go/src/github.com/m-lukas/ibm-cloudfoundry/db.go:37:54: expected 'IDENT', found '*'
exit status 22019-03-24 11:51:12 IBM-CLOUDFOUNDRY : # github.com/m-lukas/ibm-cloudfoundry
./db.go:37:32: syntax error: mixed named and unnamed function parameters
exit status 2 
 2019-03-24 11:51:12 IBM-CLOUDFOUNDRY : # github.com/m-lukas/ibm-cloudfoundry
./db.go:37:32: syntax error: mixed named and unnamed function parameters
exit status 2 
 2019-03-24 11:51:30 IBM-CLOUDFOUNDRY : # github.com/m-lukas/ibm-cloudfoundry
./db.go:39:15: undefined: db
./db.go:48:2: cannot use nil as type int in return argument
./db.go:48:2: cannot use nil as type string in return argument
exit status 2 
 2019-03-24 11:51:30 IBM-CLOUDFOUNDRY : # github.com/m-lukas/ibm-cloudfoundry
./db.go:39:15: undefined: db
./db.go:48:2: cannot use nil as type int in return argument
./db.go:48:2: cannot use nil as type string in return argument
exit status 2 
 2019-03-24 11:51:48 IBM-CLOUDFOUNDRY : # github.com/m-lukas/ibm-cloudfoundry
./db.go:39:15: undefined: db
./db.go:48:2: cannot use nil as type int in return argument
./db.go:48:2: cannot use nil as type string in return argument
exit status 2 
 2019-03-24 11:51:48 IBM-CLOUDFOUNDRY : # github.com/m-lukas/ibm-cloudfoundry
./db.go:39:15: undefined: db
./db.go:48:2: cannot use nil as type int in return argument
./db.go:48:2: cannot use nil as type string in return argument
exit status 2 
 2019-03-24 11:51:56 IBM-CLOUDFOUNDRY : # github.com/m-lukas/ibm-cloudfoundry
./db.go:51:2: cannot use nil as type int in return argument
./db.go:51:2: cannot use nil as type string in return argument
exit status 2 
 2019-03-24 11:51:56 IBM-CLOUDFOUNDRY : # github.com/m-lukas/ibm-cloudfoundry
./db.go:51:2: cannot use nil as type int in return argument
./db.go:51:2: cannot use nil as type string in return argument
exit status 2 
 2019-03-24 13:36:14 IBM-CLOUDFOUNDRY : # github.com/m-lukas/ibm-cloudfoundry
./db.go:43:10: undefined: strings.ReplaceAll
./db.go:44:10: undefined: strings.ReplaceAll
exit status 2 
 2019-03-24 13:36:14 IBM-CLOUDFOUNDRY : # github.com/m-lukas/ibm-cloudfoundry
./db.go:43:10: undefined: strings.ReplaceAll
./db.go:44:10: undefined: strings.ReplaceAll
exit status 2 
 2019-03-24 13:37:24 IBM-CLOUDFOUNDRY : # github.com/m-lukas/ibm-cloudfoundry
./db.go:43:25: not enough arguments in call to strings.Replace
	have (string, string, string)
	want (string, string, string, int)
./db.go:44:25: not enough arguments in call to strings.Replace
	have (string, string, string)
	want (string, string, string, int)
exit status 2 
 2019-03-24 13:37:24 IBM-CLOUDFOUNDRY : # github.com/m-lukas/ibm-cloudfoundry
./db.go:43:25: not enough arguments in call to strings.Replace
	have (string, string, string)
	want (string, string, string, int)
./db.go:44:25: not enough arguments in call to strings.Replace
	have (string, string, string)
	want (string, string, string, int)
exit status 2 
 2019-03-24 17:02:44 IBM-CLOUDFOUNDRY : # github.com/m-lukas/ibm-cloudfoundry
./db.go:55:26: cannot use errors.New("error occured when inserting") (type error) as type *error in return argument:
	*error is pointer to interface, not interface
exit status 2 
 2019-03-24 17:02:44 IBM-CLOUDFOUNDRY : # github.com/m-lukas/ibm-cloudfoundry
./db.go:55:26: cannot use errors.New("error occured when inserting") (type error) as type *error in return argument:
	*error is pointer to interface, not interface
exit status 2 
 2019-03-24 17:04:17 IBM-CLOUDFOUNDRY : # github.com/m-lukas/ibm-cloudfoundry
./db.go:55:16: cannot take the address of errors.New("error occured when inserting")
exit status 2 
 2019-03-24 17:04:17 IBM-CLOUDFOUNDRY : # github.com/m-lukas/ibm-cloudfoundry
./db.go:55:16: cannot take the address of errors.New("error occured when inserting")
exit status 2 
 2019-03-24 17:06:32 IBM-CLOUDFOUNDRY : # github.com/m-lukas/ibm-cloudfoundry
./db.go:55:16: cannot take the address of errors.New("error occured when inserting")
exit status 2 
 2019-03-24 17:06:33 IBM-CLOUDFOUNDRY : # github.com/m-lukas/ibm-cloudfoundry
./db.go:55:16: cannot take the address of errors.New("error occured when inserting")
exit status 2 
 2019-03-24 17:08:13 IBM-CLOUDFOUNDRY : # github.com/m-lukas/ibm-cloudfoundry
./db.go:55:16: cannot take the address of errors.New("error occured when inserting")
exit status 2 
 2019-03-24 17:08:13 IBM-CLOUDFOUNDRY : # github.com/m-lukas/ibm-cloudfoundry
./db.go:55:16: cannot take the address of errors.New("error occured when inserting")
exit status 2 
 2019-03-24 17:09:10 IBM-CLOUDFOUNDRY : there are some errors in 
 /Users/m-lukas/Documents/Projects/go/src/github.com/m-lukas/ibm-cloudfoundry/db.go:53:14: expected ';', found Quote
/Users/m-lukas/Documents/Projects/go/src/github.com/m-lukas/ibm-cloudfoundry/db.go:59:1: expected expression
/Users/m-lukas/Documents/Projects/go/src/github.com/m-lukas/ibm-cloudfoundry/db.go:59:6: expected '(', found retriveQuotes
/Users/m-lukas/Documents/Projects/go/src/github.com/m-lukas/ibm-cloudfoundry/db.go:59:19: expected identifier
/Users/m-lukas/Documents/Projects/go/src/github.com/m-lukas/ibm-cloudfoundry/db.go:59:20: expected type, found ')'
/Users/m-lukas/Documents/Projects/go/src/github.com/m-lukas/ibm-cloudfoundry/db.go:59:23: expected type, found ')'
/Users/m-lukas/Documents/Projects/go/src/github.com/m-lukas/ibm-cloudfoundry/db.go:59:24: missing ',' before newline in parameter list
/Users/m-lukas/Documents/Projects/go/src/github.com/m-lukas/ibm-cloudfoundry/db.go:59:25: expected ')', found 'EOF'
/Users/m-lukas/Documents/Projects/go/src/github.com/m-lukas/ibm-cloudfoundry/db.go:59:25: expected ';', found 'EOF'
/Users/m-lukas/Documents/Projects/go/src/github.com/m-lukas/ibm-cloudfoundry/db.go:59:25: expected ';', found 'EOF'
/Users/m-lukas/Documents/Projects/go/src/github.com/m-lukas/ibm-cloudfoundry/db.go:59:25: expected '}', found 'EOF'
exit status 22019-03-24 17:09:11 IBM-CLOUDFOUNDRY : # github.com/m-lukas/ibm-cloudfoundry
./db.go:53:14: syntax error: unexpected Quote at end of statement
./db.go:55:2: syntax error: non-declaration statement outside function body
./db.go:59:6: missing function body
exit status 2 
 2019-03-24 17:09:11 IBM-CLOUDFOUNDRY : # github.com/m-lukas/ibm-cloudfoundry
./db.go:53:14: syntax error: unexpected Quote at end of statement
./db.go:55:2: syntax error: non-declaration statement outside function body
./db.go:59:6: missing function body
exit status 2 
 2019-03-24 17:12:02 IBM-CLOUDFOUNDRY : # github.com/m-lukas/ibm-cloudfoundry
./db.go:48:3: cannot use nil as type Quote in return argument
./db.go:56:4: cannot use nil as type Quote in return argument
./db.go:62:2: too many arguments to return
	have (number, string, *error)
	want (Quote, *error)
exit status 2 
 2019-03-24 17:12:03 IBM-CLOUDFOUNDRY : # github.com/m-lukas/ibm-cloudfoundry
./db.go:48:3: cannot use nil as type Quote in return argument
./db.go:56:4: cannot use nil as type Quote in return argument
./db.go:62:2: too many arguments to return
	have (number, string, *error)
	want (Quote, *error)
exit status 2 
 2019-03-24 17:13:08 IBM-CLOUDFOUNDRY : # github.com/m-lukas/ibm-cloudfoundry
./db.go:59:15: cannot use Quote literal (type Quote) as type *Quote in return argument
./db.go:62:2: too many arguments to return
	have (number, string, *error)
	want (*Quote, *error)
exit status 2 
 2019-03-24 17:13:08 IBM-CLOUDFOUNDRY : # github.com/m-lukas/ibm-cloudfoundry
./db.go:59:15: cannot use Quote literal (type Quote) as type *Quote in return argument
./db.go:62:2: too many arguments to return
	have (number, string, *error)
	want (*Quote, *error)
exit status 2 
 2019-03-24 17:13:11 IBM-CLOUDFOUNDRY : # github.com/m-lukas/ibm-cloudfoundry
./db.go:62:2: too many arguments to return
	have (number, string, *error)
	want (*Quote, *error)
exit status 2 
 2019-03-24 17:13:12 IBM-CLOUDFOUNDRY : # github.com/m-lukas/ibm-cloudfoundry
./db.go:62:2: too many arguments to return
	have (number, string, *error)
	want (*Quote, *error)
exit status 2 
 2019-03-24 17:23:40 IBM-CLOUDFOUNDRY : # github.com/m-lukas/ibm-cloudfoundry
./db.go:73:1: missing return at end of function
exit status 2 
 2019-03-24 17:23:41 IBM-CLOUDFOUNDRY : # github.com/m-lukas/ibm-cloudfoundry
./db.go:73:1: missing return at end of function
exit status 2 
 2019-03-24 17:28:57 IBM-CLOUDFOUNDRY : there are some errors in 
 /Users/m-lukas/Documents/Projects/go/src/github.com/m-lukas/ibm-cloudfoundry/db.go:74:15: expected expression
exit status 22019-03-24 17:28:57 IBM-CLOUDFOUNDRY : # github.com/m-lukas/ibm-cloudfoundry
./db.go:74:15: type []*Quote is not an expression
exit status 2 
 2019-03-24 17:28:58 IBM-CLOUDFOUNDRY : # github.com/m-lukas/ibm-cloudfoundry
./db.go:74:15: type []*Quote is not an expression
exit status 2 
 2019-03-24 17:29:07 IBM-CLOUDFOUNDRY : there are some errors in 
 /Users/m-lukas/Documents/Projects/go/src/github.com/m-lukas/ibm-cloudfoundry/db.go:74:15: expected expression
exit status 22019-03-24 17:29:08 IBM-CLOUDFOUNDRY : # github.com/m-lukas/ibm-cloudfoundry
./db.go:74:15: type []Quote is not an expression
exit status 2 
 2019-03-24 17:29:08 IBM-CLOUDFOUNDRY : # github.com/m-lukas/ibm-cloudfoundry
./db.go:74:15: type []Quote is not an expression
exit status 2 
 2019-03-24 17:30:21 IBM-CLOUDFOUNDRY : # github.com/m-lukas/ibm-cloudfoundry
./main.go:27:26: multiple-value retrieveQuotes() in single-value context
exit status 2 
 2019-03-24 17:30:21 IBM-CLOUDFOUNDRY : # github.com/m-lukas/ibm-cloudfoundry
./main.go:27:26: multiple-value retrieveQuotes() in single-value context
exit status 2 
 2019-03-24 17:31:19 IBM-CLOUDFOUNDRY : # github.com/m-lukas/ibm-cloudfoundry
./main.go:29:11: cannot use err (type *error) as type error in argument to checkErr:
	*error is pointer to interface, not interface
./main.go:31:16: cannot use len(quotes) (type int) as type string in argument to log.Printf
exit status 2 
 2019-03-24 17:31:19 IBM-CLOUDFOUNDRY : # github.com/m-lukas/ibm-cloudfoundry
./main.go:29:11: cannot use err (type *error) as type error in argument to checkErr:
	*error is pointer to interface, not interface
./main.go:31:16: cannot use len(quotes) (type int) as type string in argument to log.Printf
exit status 2 
 2019-03-24 17:31:41 IBM-CLOUDFOUNDRY : # github.com/m-lukas/ibm-cloudfoundry
./db.go:19:10: cannot use err (type error) as type *error in argument to checkErr:
	*error is pointer to interface, not interface
./db.go:22:10: cannot use err (type error) as type *error in argument to checkErr:
	*error is pointer to interface, not interface
exit status 2 
 2019-03-24 17:31:42 IBM-CLOUDFOUNDRY : # github.com/m-lukas/ibm-cloudfoundry
./db.go:19:10: cannot use err (type error) as type *error in argument to checkErr:
	*error is pointer to interface, not interface
./db.go:22:10: cannot use err (type error) as type *error in argument to checkErr:
	*error is pointer to interface, not interface
exit status 2 
 2019-03-24 17:33:01 IBM-CLOUDFOUNDRY : # github.com/m-lukas/ibm-cloudfoundry
./db.go:25:2: cannot use db (type *sql.DB) as type *error in return argument:
	*error is pointer to interface, not interface
./db.go:40:14: multiple-value initDB() in single-value context
./db.go:66:14: multiple-value initDB() in single-value context
exit status 2 
 2019-03-24 17:33:01 IBM-CLOUDFOUNDRY : # github.com/m-lukas/ibm-cloudfoundry
./db.go:25:2: cannot use db (type *sql.DB) as type *error in return argument:
	*error is pointer to interface, not interface
./db.go:40:14: multiple-value initDB() in single-value context
./db.go:66:14: multiple-value initDB() in single-value context
exit status 2 
 2019-03-24 17:33:29 IBM-CLOUDFOUNDRY : # github.com/m-lukas/ibm-cloudfoundry
./db.go:40:14: multiple-value initDB() in single-value context
./db.go:66:14: multiple-value initDB() in single-value context
exit status 2 
 2019-03-24 17:33:29 IBM-CLOUDFOUNDRY : # github.com/m-lukas/ibm-cloudfoundry
./db.go:40:14: multiple-value initDB() in single-value context
./db.go:66:14: multiple-value initDB() in single-value context
exit status 2 
 2019-03-24 17:35:14 IBM-CLOUDFOUNDRY : # github.com/m-lukas/ibm-cloudfoundry
./db.go:19:2: undefined: checkErr
./db.go:22:2: undefined: checkErr
./db.go:40:14: multiple-value initDB() in single-value context
./db.go:66:14: multiple-value initDB() in single-value context
./main.go:28:3: undefined: checkErr
exit status 2 
 2019-03-24 17:35:14 IBM-CLOUDFOUNDRY : # github.com/m-lukas/ibm-cloudfoundry
./db.go:19:2: undefined: checkErr
./db.go:22:2: undefined: checkErr
./db.go:40:14: multiple-value initDB() in single-value context
./db.go:66:14: multiple-value initDB() in single-value context
./main.go:28:3: undefined: checkErr
exit status 2 
 2019-03-24 17:35:37 IBM-CLOUDFOUNDRY : # github.com/m-lukas/ibm-cloudfoundry
./db.go:19:2: undefined: checkErr
./db.go:22:2: undefined: checkErr
./db.go:40:14: multiple-value initDB() in single-value context
./db.go:66:14: multiple-value initDB() in single-value context
exit status 2 
 2019-03-24 17:35:37 IBM-CLOUDFOUNDRY : # github.com/m-lukas/ibm-cloudfoundry
./db.go:19:2: undefined: checkErr
./db.go:22:2: undefined: checkErr
./db.go:40:14: multiple-value initDB() in single-value context
./db.go:66:14: multiple-value initDB() in single-value context
exit status 2 
 2019-03-24 17:36:23 IBM-CLOUDFOUNDRY : # github.com/m-lukas/ibm-cloudfoundry
./db.go:20:11: cannot use err (type error) as type *error in argument to printErr:
	*error is pointer to interface, not interface
./db.go:24:2: undefined: checkErr
./db.go:42:14: multiple-value initDB() in single-value context
./db.go:68:14: multiple-value initDB() in single-value context
exit status 2 
 2019-03-24 17:36:23 IBM-CLOUDFOUNDRY : # github.com/m-lukas/ibm-cloudfoundry
./db.go:20:11: cannot use err (type error) as type *error in argument to printErr:
	*error is pointer to interface, not interface
./db.go:24:2: undefined: checkErr
./db.go:42:14: multiple-value initDB() in single-value context
./db.go:68:14: multiple-value initDB() in single-value context
exit status 2 
 2019-03-24 17:36:38 IBM-CLOUDFOUNDRY : # github.com/m-lukas/ibm-cloudfoundry
./db.go:24:2: undefined: checkErr
./db.go:42:14: multiple-value initDB() in single-value context
./db.go:68:14: multiple-value initDB() in single-value context
exit status 2 
 2019-03-24 17:36:38 IBM-CLOUDFOUNDRY : # github.com/m-lukas/ibm-cloudfoundry
./db.go:24:2: undefined: checkErr
./db.go:42:14: multiple-value initDB() in single-value context
./db.go:68:14: multiple-value initDB() in single-value context
exit status 2 
 2019-03-24 17:37:43 IBM-CLOUDFOUNDRY : # github.com/m-lukas/ibm-cloudfoundry
./db.go:43:14: multiple-value initDB() in single-value context
./db.go:69:14: multiple-value initDB() in single-value context
exit status 2 
 2019-03-24 17:37:43 IBM-CLOUDFOUNDRY : # github.com/m-lukas/ibm-cloudfoundry
./db.go:43:14: multiple-value initDB() in single-value context
./db.go:69:14: multiple-value initDB() in single-value context
exit status 2 
 2019-03-24 17:40:05 IBM-CLOUDFOUNDRY : # github.com/m-lukas/ibm-cloudfoundry
./db.go:22:3: cannot use err (type error) as type *error in return argument:
	*error is pointer to interface, not interface
./db.go:28:3: cannot use err (type error) as type *error in return argument:
	*error is pointer to interface, not interface
./db.go:52:12: cannot assign error to err (type *error) in multiple assignment:
	*error is pointer to interface, not interface
./db.go:54:15: cannot use &err (type **error) as type *error in return argument:
	*error is pointer to interface, not interface
./db.go:60:7: cannot use rows.Scan(&id, &text) (type error) as type *error in assignment:
	*error is pointer to interface, not interface
./db.go:62:16: cannot use &err (type **error) as type *error in return argument:
	*error is pointer to interface, not interface
./db.go:67:6: cannot use errors.New("Error occured when inserting") (type error) as type *error in assignment:
	*error is pointer to interface, not interface
./db.go:68:14: cannot use &err (type **error) as type *error in return argument:
	*error is pointer to interface, not interface
./db.go:72:14: multiple-value initDB() in single-value context
exit status 2 
 2019-03-24 17:40:05 IBM-CLOUDFOUNDRY : # github.com/m-lukas/ibm-cloudfoundry
./db.go:22:3: cannot use err (type error) as type *error in return argument:
	*error is pointer to interface, not interface
./db.go:28:3: cannot use err (type error) as type *error in return argument:
	*error is pointer to interface, not interface
./db.go:52:12: cannot assign error to err (type *error) in multiple assignment:
	*error is pointer to interface, not interface
./db.go:54:15: cannot use &err (type **error) as type *error in return argument:
	*error is pointer to interface, not interface
./db.go:60:7: cannot use rows.Scan(&id, &text) (type error) as type *error in assignment:
	*error is pointer to interface, not interface
./db.go:62:16: cannot use &err (type **error) as type *error in return argument:
	*error is pointer to interface, not interface
./db.go:67:6: cannot use errors.New("Error occured when inserting") (type error) as type *error in assignment:
	*error is pointer to interface, not interface
./db.go:68:14: cannot use &err (type **error) as type *error in return argument:
	*error is pointer to interface, not interface
./db.go:72:14: multiple-value initDB() in single-value context
exit status 2 
 2019-03-24 17:40:22 IBM-CLOUDFOUNDRY : # github.com/m-lukas/ibm-cloudfoundry
./db.go:22:3: cannot use err (type error) as type *error in return argument:
	*error is pointer to interface, not interface
./db.go:25:2: invalid indirect of err (type error)
./db.go:28:3: cannot use err (type error) as type *error in return argument:
	*error is pointer to interface, not interface
./db.go:52:12: cannot assign error to err (type *error) in multiple assignment:
	*error is pointer to interface, not interface
./db.go:54:15: cannot use &err (type **error) as type *error in return argument:
	*error is pointer to interface, not interface
./db.go:60:7: cannot use rows.Scan(&id, &text) (type error) as type *error in assignment:
	*error is pointer to interface, not interface
./db.go:62:16: cannot use &err (type **error) as type *error in return argument:
	*error is pointer to interface, not interface
./db.go:67:6: cannot use errors.New("Error occured when inserting") (type error) as type *error in assignment:
	*error is pointer to interface, not interface
./db.go:68:14: cannot use &err (type **error) as type *error in return argument:
	*error is pointer to interface, not interface
./db.go:72:14: multiple-value initDB() in single-value context
./db.go:72:14: too many errors
exit status 2 
 2019-03-24 17:40:22 IBM-CLOUDFOUNDRY : # github.com/m-lukas/ibm-cloudfoundry
./db.go:22:3: cannot use err (type error) as type *error in return argument:
	*error is pointer to interface, not interface
./db.go:25:2: invalid indirect of err (type error)
./db.go:28:3: cannot use err (type error) as type *error in return argument:
	*error is pointer to interface, not interface
./db.go:52:12: cannot assign error to err (type *error) in multiple assignment:
	*error is pointer to interface, not interface
./db.go:54:15: cannot use &err (type **error) as type *error in return argument:
	*error is pointer to interface, not interface
./db.go:60:7: cannot use rows.Scan(&id, &text) (type error) as type *error in assignment:
	*error is pointer to interface, not interface
./db.go:62:16: cannot use &err (type **error) as type *error in return argument:
	*error is pointer to interface, not interface
./db.go:67:6: cannot use errors.New("Error occured when inserting") (type error) as type *error in assignment:
	*error is pointer to interface, not interface
./db.go:68:14: cannot use &err (type **error) as type *error in return argument:
	*error is pointer to interface, not interface
./db.go:72:14: multiple-value initDB() in single-value context
./db.go:72:14: too many errors
exit status 2 
 2019-03-24 17:40:25 IBM-CLOUDFOUNDRY : # github.com/m-lukas/ibm-cloudfoundry
./db.go:22:3: cannot use err (type error) as type *error in return argument:
	*error is pointer to interface, not interface
./db.go:25:7: cannot assign to &err
./db.go:28:3: cannot use err (type error) as type *error in return argument:
	*error is pointer to interface, not interface
./db.go:52:12: cannot assign error to err (type *error) in multiple assignment:
	*error is pointer to interface, not interface
./db.go:54:15: cannot use &err (type **error) as type *error in return argument:
	*error is pointer to interface, not interface
./db.go:60:7: cannot use rows.Scan(&id, &text) (type error) as type *error in assignment:
	*error is pointer to interface, not interface
./db.go:62:16: cannot use &err (type **error) as type *error in return argument:
	*error is pointer to interface, not interface
./db.go:67:6: cannot use errors.New("Error occured when inserting") (type error) as type *error in assignment:
	*error is pointer to interface, not interface
./db.go:68:14: cannot use &err (type **error) as type *error in return argument:
	*error is pointer to interface, not interface
./db.go:72:14: multiple-value initDB() in single-value context
./db.go:72:14: too many errors
exit status 2 
 2019-03-24 17:40:25 IBM-CLOUDFOUNDRY : # github.com/m-lukas/ibm-cloudfoundry
./db.go:22:3: cannot use err (type error) as type *error in return argument:
	*error is pointer to interface, not interface
./db.go:25:7: cannot assign to &err
./db.go:28:3: cannot use err (type error) as type *error in return argument:
	*error is pointer to interface, not interface
./db.go:52:12: cannot assign error to err (type *error) in multiple assignment:
	*error is pointer to interface, not interface
./db.go:54:15: cannot use &err (type **error) as type *error in return argument:
	*error is pointer to interface, not interface
./db.go:60:7: cannot use rows.Scan(&id, &text) (type error) as type *error in assignment:
	*error is pointer to interface, not interface
./db.go:62:16: cannot use &err (type **error) as type *error in return argument:
	*error is pointer to interface, not interface
./db.go:67:6: cannot use errors.New("Error occured when inserting") (type error) as type *error in assignment:
	*error is pointer to interface, not interface
./db.go:68:14: cannot use &err (type **error) as type *error in return argument:
	*error is pointer to interface, not interface
./db.go:72:14: multiple-value initDB() in single-value context
./db.go:72:14: too many errors
exit status 2 
 2019-03-24 17:40:29 IBM-CLOUDFOUNDRY : # github.com/m-lukas/ibm-cloudfoundry
./db.go:22:3: cannot use err (type error) as type *error in return argument:
	*error is pointer to interface, not interface
./db.go:25:6: cannot use &db.Ping() (type *error) as type error in assignment:
	*error is pointer to interface, not interface
./db.go:25:8: cannot take the address of db.Ping()
./db.go:28:3: cannot use err (type error) as type *error in return argument:
	*error is pointer to interface, not interface
./db.go:52:12: cannot assign error to err (type *error) in multiple assignment:
	*error is pointer to interface, not interface
./db.go:54:15: cannot use &err (type **error) as type *error in return argument:
	*error is pointer to interface, not interface
./db.go:60:7: cannot use rows.Scan(&id, &text) (type error) as type *error in assignment:
	*error is pointer to interface, not interface
./db.go:62:16: cannot use &err (type **error) as type *error in return argument:
	*error is pointer to interface, not interface
./db.go:67:6: cannot use errors.New("Error occured when inserting") (type error) as type *error in assignment:
	*error is pointer to interface, not interface
./db.go:68:14: cannot use &err (type **error) as type *error in return argument:
	*error is pointer to interface, not interface
./db.go:68:14: too many errors
exit status 2 
 2019-03-24 17:40:29 IBM-CLOUDFOUNDRY : # github.com/m-lukas/ibm-cloudfoundry
./db.go:22:3: cannot use err (type error) as type *error in return argument:
	*error is pointer to interface, not interface
./db.go:25:6: cannot use &db.Ping() (type *error) as type error in assignment:
	*error is pointer to interface, not interface
./db.go:25:8: cannot take the address of db.Ping()
./db.go:28:3: cannot use err (type error) as type *error in return argument:
	*error is pointer to interface, not interface
./db.go:52:12: cannot assign error to err (type *error) in multiple assignment:
	*error is pointer to interface, not interface
./db.go:54:15: cannot use &err (type **error) as type *error in return argument:
	*error is pointer to interface, not interface
./db.go:60:7: cannot use rows.Scan(&id, &text) (type error) as type *error in assignment:
	*error is pointer to interface, not interface
./db.go:62:16: cannot use &err (type **error) as type *error in return argument:
	*error is pointer to interface, not interface
./db.go:67:6: cannot use errors.New("Error occured when inserting") (type error) as type *error in assignment:
	*error is pointer to interface, not interface
./db.go:68:14: cannot use &err (type **error) as type *error in return argument:
	*error is pointer to interface, not interface
./db.go:68:14: too many errors
exit status 2 
 2019-03-24 17:40:35 IBM-CLOUDFOUNDRY : # github.com/m-lukas/ibm-cloudfoundry
./db.go:22:3: cannot use err (type error) as type *error in return argument:
	*error is pointer to interface, not interface
./db.go:52:12: cannot assign error to err (type *error) in multiple assignment:
	*error is pointer to interface, not interface
./db.go:54:15: cannot use &err (type **error) as type *error in return argument:
	*error is pointer to interface, not interface
./db.go:60:7: cannot use rows.Scan(&id, &text) (type error) as type *error in assignment:
	*error is pointer to interface, not interface
./db.go:62:16: cannot use &err (type **error) as type *error in return argument:
	*error is pointer to interface, not interface
./db.go:67:6: cannot use errors.New("Error occured when inserting") (type error) as type *error in assignment:
	*error is pointer to interface, not interface
./db.go:68:14: cannot use &err (type **error) as type *error in return argument:
	*error is pointer to interface, not interface
./db.go:72:14: multiple-value initDB() in single-value context
exit status 2 
 2019-03-24 17:40:35 IBM-CLOUDFOUNDRY : # github.com/m-lukas/ibm-cloudfoundry
./db.go:22:3: cannot use err (type error) as type *error in return argument:
	*error is pointer to interface, not interface
./db.go:52:12: cannot assign error to err (type *error) in multiple assignment:
	*error is pointer to interface, not interface
./db.go:54:15: cannot use &err (type **error) as type *error in return argument:
	*error is pointer to interface, not interface
./db.go:60:7: cannot use rows.Scan(&id, &text) (type error) as type *error in assignment:
	*error is pointer to interface, not interface
./db.go:62:16: cannot use &err (type **error) as type *error in return argument:
	*error is pointer to interface, not interface
./db.go:67:6: cannot use errors.New("Error occured when inserting") (type error) as type *error in assignment:
	*error is pointer to interface, not interface
./db.go:68:14: cannot use &err (type **error) as type *error in return argument:
	*error is pointer to interface, not interface
./db.go:72:14: multiple-value initDB() in single-value context
exit status 2 
 2019-03-24 17:40:38 IBM-CLOUDFOUNDRY : # github.com/m-lukas/ibm-cloudfoundry
./db.go:52:12: cannot assign error to err (type *error) in multiple assignment:
	*error is pointer to interface, not interface
./db.go:54:15: cannot use &err (type **error) as type *error in return argument:
	*error is pointer to interface, not interface
./db.go:60:7: cannot use rows.Scan(&id, &text) (type error) as type *error in assignment:
	*error is pointer to interface, not interface
./db.go:62:16: cannot use &err (type **error) as type *error in return argument:
	*error is pointer to interface, not interface
./db.go:67:6: cannot use errors.New("Error occured when inserting") (type error) as type *error in assignment:
	*error is pointer to interface, not interface
./db.go:68:14: cannot use &err (type **error) as type *error in return argument:
	*error is pointer to interface, not interface
./db.go:72:14: multiple-value initDB() in single-value context
exit status 2 
 2019-03-24 17:40:39 IBM-CLOUDFOUNDRY : # github.com/m-lukas/ibm-cloudfoundry
./db.go:52:12: cannot assign error to err (type *error) in multiple assignment:
	*error is pointer to interface, not interface
./db.go:54:15: cannot use &err (type **error) as type *error in return argument:
	*error is pointer to interface, not interface
./db.go:60:7: cannot use rows.Scan(&id, &text) (type error) as type *error in assignment:
	*error is pointer to interface, not interface
./db.go:62:16: cannot use &err (type **error) as type *error in return argument:
	*error is pointer to interface, not interface
./db.go:67:6: cannot use errors.New("Error occured when inserting") (type error) as type *error in assignment:
	*error is pointer to interface, not interface
./db.go:68:14: cannot use &err (type **error) as type *error in return argument:
	*error is pointer to interface, not interface
./db.go:72:14: multiple-value initDB() in single-value context
exit status 2 
 2019-03-24 17:41:24 IBM-CLOUDFOUNDRY : # github.com/m-lukas/ibm-cloudfoundry
./db.go:43:10: assignment mismatch: 2 variables but 1 values
exit status 2 
 2019-03-24 17:41:24 IBM-CLOUDFOUNDRY : # github.com/m-lukas/ibm-cloudfoundry
./db.go:43:10: assignment mismatch: 2 variables but 1 values
exit status 2 
 2019-03-24 17:44:23 IBM-CLOUDFOUNDRY : # github.com/m-lukas/ibm-cloudfoundry
./main.go:30:18: undefined: quotes
exit status 2 
 2019-03-24 17:44:23 IBM-CLOUDFOUNDRY : # github.com/m-lukas/ibm-cloudfoundry
./main.go:30:18: undefined: quotes
exit status 2 
 2019-03-24 17:44:32 IBM-CLOUDFOUNDRY : # github.com/m-lukas/ibm-cloudfoundry
./main.go:30:17: invalid argument quote (type *Quote) for len
exit status 2 
 2019-03-24 17:44:33 IBM-CLOUDFOUNDRY : # github.com/m-lukas/ibm-cloudfoundry
./main.go:30:17: invalid argument quote (type *Quote) for len
exit status 2 
 2019-03-24 17:44:45 IBM-CLOUDFOUNDRY : # github.com/m-lukas/ibm-cloudfoundry
./main.go:30:17: invalid argument &quote (type **Quote) for len
exit status 2 
 2019-03-24 17:44:45 IBM-CLOUDFOUNDRY : # github.com/m-lukas/ibm-cloudfoundry
./main.go:30:17: invalid argument &quote (type **Quote) for len
exit status 2 
 2019-03-24 17:45:24 IBM-CLOUDFOUNDRY : # github.com/m-lukas/ibm-cloudfoundry
./main.go:42:16: err.message undefined (type *error is pointer to interface, not interface)
exit status 2 
 2019-03-24 17:45:24 IBM-CLOUDFOUNDRY : # github.com/m-lukas/ibm-cloudfoundry
./main.go:42:16: err.message undefined (type *error is pointer to interface, not interface)
exit status 2 
 2019-03-24 17:47:45 IBM-CLOUDFOUNDRY : # github.com/m-lukas/ibm-cloudfoundry
./main.go:42:3: undefined: log.Errorf
exit status 2 
 2019-03-24 17:47:45 IBM-CLOUDFOUNDRY : # github.com/m-lukas/ibm-cloudfoundry
./main.go:42:3: undefined: log.Errorf
exit status 2 
 2019-03-24 17:48:00 IBM-CLOUDFOUNDRY : # github.com/m-lukas/ibm-cloudfoundry
./main.go:42:3: undefined: log.Errof
exit status 2 
 2019-03-24 17:48:00 IBM-CLOUDFOUNDRY : # github.com/m-lukas/ibm-cloudfoundry
./main.go:42:3: undefined: log.Errof
exit status 2 
 2019-03-24 17:52:23 IBM-CLOUDFOUNDRY : # github.com/m-lukas/ibm-cloudfoundry
./main.go:28:11: cannot use err (type error) as type *error in argument to printErr:
	*error is pointer to interface, not interface
exit status 2 
 2019-03-24 17:52:23 IBM-CLOUDFOUNDRY : # github.com/m-lukas/ibm-cloudfoundry
./main.go:28:11: cannot use err (type error) as type *error in argument to printErr:
	*error is pointer to interface, not interface
exit status 2 
 2019-03-24 17:52:51 IBM-CLOUDFOUNDRY : # github.com/m-lukas/ibm-cloudfoundry
./main.go:28:11: cannot use err (type error) as type *error in argument to printErr:
	*error is pointer to interface, not interface
exit status 2 
 2019-03-24 17:52:51 IBM-CLOUDFOUNDRY : # github.com/m-lukas/ibm-cloudfoundry
./main.go:28:11: cannot use err (type error) as type *error in argument to printErr:
	*error is pointer to interface, not interface
exit status 2 
 2019-03-24 17:53:05 IBM-CLOUDFOUNDRY : # github.com/m-lukas/ibm-cloudfoundry
./db.go:21:12: cannot use &err (type *error) as type error in argument to printErr:
	*error is pointer to interface, not interface
./db.go:26:12: cannot use &err (type *error) as type error in argument to printErr:
	*error is pointer to interface, not interface
exit status 2 
 2019-03-24 17:53:06 IBM-CLOUDFOUNDRY : # github.com/m-lukas/ibm-cloudfoundry
./db.go:21:12: cannot use &err (type *error) as type error in argument to printErr:
	*error is pointer to interface, not interface
./db.go:26:12: cannot use &err (type *error) as type error in argument to printErr:
	*error is pointer to interface, not interface
exit status 2 
 2019-03-24 18:01:05 IBM-CLOUDFOUNDRY : # github.com/m-lukas/ibm-cloudfoundry
./main.go:27:22: undefined: home
exit status 2 
 2019-03-24 18:01:05 IBM-CLOUDFOUNDRY : # github.com/m-lukas/ibm-cloudfoundry
./main.go:27:22: undefined: home
exit status 2 
 2019-03-24 18:25:03 IBM-CLOUDFOUNDRY : # github.com/m-lukas/ibm-cloudfoundry
./main.go:27:22: undefined: mainSite
exit status 2 
 2019-03-24 18:25:03 IBM-CLOUDFOUNDRY : # github.com/m-lukas/ibm-cloudfoundry
./main.go:27:22: undefined: mainSite
exit status 2 
 2019-03-24 18:35:40 IBM-CLOUDFOUNDRY : # github.com/m-lukas/ibm-cloudfoundry
./main.go:30:16: mux.HandleFunc("/api/quote", postQuote) used as value
exit status 2 
 2019-03-24 18:35:40 IBM-CLOUDFOUNDRY : # github.com/m-lukas/ibm-cloudfoundry
./main.go:30:16: mux.HandleFunc("/api/quote", postQuote) used as value
exit status 2 
 2019-03-24 18:44:28 IBM-CLOUDFOUNDRY : # github.com/m-lukas/ibm-cloudfoundry
./main.go:34:21: use of package mux without selector
exit status 2 
 2019-03-24 18:44:28 IBM-CLOUDFOUNDRY : # github.com/m-lukas/ibm-cloudfoundry
./main.go:34:21: use of package mux without selector
exit status 2 
 2019-03-24 18:47:27 IBM-CLOUDFOUNDRY : # github.com/m-lukas/ibm-cloudfoundry
./main.go:35:10: undefined: cors
./main.go:42:26: undefined: router
exit status 2 
 2019-03-24 18:47:27 IBM-CLOUDFOUNDRY : # github.com/m-lukas/ibm-cloudfoundry
./main.go:35:10: undefined: cors
./main.go:42:26: undefined: router
exit status 2 
 2019-03-24 18:47:33 IBM-CLOUDFOUNDRY : # github.com/m-lukas/ibm-cloudfoundry
./main.go:35:10: undefined: cors
exit status 2 
 2019-03-24 18:47:33 IBM-CLOUDFOUNDRY : # github.com/m-lukas/ibm-cloudfoundry
./main.go:35:10: undefined: cors
exit status 2 
 2019-03-24 20:53:29 IBM-CLOUDFOUNDRY : # github.com/m-lukas/ibm-cloudfoundry
./main.go:75:3: undefined: log.Errof
exit status 2 
 2019-03-24 20:53:29 IBM-CLOUDFOUNDRY : # github.com/m-lukas/ibm-cloudfoundry
./main.go:75:3: undefined: log.Errof
exit status 2 
 2019-03-24 20:59:38 IBM-CLOUDFOUNDRY : # github.com/m-lukas/ibm-cloudfoundry
./routes.go:34:2: quoteObject declared and not used
exit status 2 
 2019-03-24 20:59:39 IBM-CLOUDFOUNDRY : # github.com/m-lukas/ibm-cloudfoundry
./routes.go:34:2: quoteObject declared and not used
exit status 2 
 2019-03-24 21:33:46 IBM-CLOUDFOUNDRY : # github.com/m-lukas/ibm-cloudfoundry
./main.go:37:54: undefined: path
./main.go:37:91: undefined: directory
exit status 2 
 2019-03-24 21:33:46 IBM-CLOUDFOUNDRY : # github.com/m-lukas/ibm-cloudfoundry
./main.go:37:54: undefined: path
./main.go:37:91: undefined: directory
exit status 2 
 2019-03-24 21:39:18 IBM-CLOUDFOUNDRY : there are some errors in 
 /Users/m-lukas/Documents/Projects/go/src/github.com/m-lukas/ibm-cloudfoundry/main.go:37:69: missing ',' before newline in argument list
exit status 22019-03-24 21:39:18 IBM-CLOUDFOUNDRY : # github.com/m-lukas/ibm-cloudfoundry
./main.go:37:69: syntax error: unexpected newline, expecting comma or )
exit status 2 
 2019-03-24 21:39:19 IBM-CLOUDFOUNDRY : # github.com/m-lukas/ibm-cloudfoundry
./main.go:37:69: syntax error: unexpected newline, expecting comma or )
exit status 2 
 2019-03-24 22:42:55 IBM-CLOUDFOUNDRY : # github.com/m-lukas/ibm-cloudfoundry
./main.go:26:9: undefined: godotenv
exit status 2 
 2019-03-24 22:42:56 IBM-CLOUDFOUNDRY : # github.com/m-lukas/ibm-cloudfoundry
./main.go:26:9: undefined: godotenv
exit status 2 
 2019-03-24 22:46:42 IBM-CLOUDFOUNDRY : there are some errors in 
 # github.com/m-lukas/ibm-cloudfoundry
./main.go:26:9: undefined: godotenv
exit status 22019-03-24 22:46:43 IBM-CLOUDFOUNDRY : # github.com/m-lukas/ibm-cloudfoundry
./main.go:26:9: undefined: godotenv
exit status 2 
 2019-03-24 22:46:43 IBM-CLOUDFOUNDRY : # github.com/m-lukas/ibm-cloudfoundry
./main.go:26:9: undefined: godotenv
exit status 2 
 2019-03-24 23:05:20 IBM-CLOUDFOUNDRY : # github.com/m-lukas/ibm-cloudfoundry
./main.go:26:8: undefined: err
exit status 2 
 2019-03-24 23:05:21 IBM-CLOUDFOUNDRY : # github.com/m-lukas/ibm-cloudfoundry
./main.go:26:8: undefined: err
exit status 2 
 