2019-03-21 12:11:45 IBM-CLOUDFOUNDRY : Watching 1 files/s 2 folder/s 
 2019-03-21 12:11:45 IBM-CLOUDFOUNDRY : Install started 
 2019-03-21 12:11:46 IBM-CLOUDFOUNDRY : Install in 0.957 s 
 2019-03-21 12:11:46 IBM-CLOUDFOUNDRY : Build started 
 2019-03-21 12:11:47 IBM-CLOUDFOUNDRY : Build in 0.892 s 
 2019-03-21 12:12:10 IBM-CLOUDFOUNDRY : go changed /Users/m-lukas/Documents/Projects/go/src/github.com/m-lukas/ibm-cloudfoundry/main.go 
 2019-03-21 12:12:10 IBM-CLOUDFOUNDRY : Install started 
 2019-03-21 12:12:11 IBM-CLOUDFOUNDRY : Install in 1.115 s 
 2019-03-21 12:12:11 IBM-CLOUDFOUNDRY : Build started 
 2019-03-21 12:12:12 IBM-CLOUDFOUNDRY : Build in 0.922 s 
 2019-03-21 12:13:34 IBM-CLOUDFOUNDRY : Watching 1 files/s 2 folder/s 
 2019-03-21 12:13:34 IBM-CLOUDFOUNDRY : Install started 
 2019-03-21 12:13:35 IBM-CLOUDFOUNDRY : Install in 0.247 s 
 2019-03-21 12:13:35 IBM-CLOUDFOUNDRY : Build started 
 2019-03-21 12:13:36 IBM-CLOUDFOUNDRY : Build in 1.063 s 
 2019-03-21 17:26:12 IBM-CLOUDFOUNDRY : go changed /Users/m-lukas/Documents/Projects/go/src/github.com/m-lukas/ibm-cloudfoundry/main.go 
 2019-03-21 17:26:12 IBM-CLOUDFOUNDRY : Install started 
 2019-03-21 17:26:12 IBM-CLOUDFOUNDRY : Build started 
 2019-03-21 17:26:43 IBM-CLOUDFOUNDRY : go changed /Users/m-lukas/Documents/Projects/go/src/github.com/m-lukas/ibm-cloudfoundry/main.go 
 2019-03-21 17:26:44 IBM-CLOUDFOUNDRY : Install started 
 2019-03-21 17:26:44 IBM-CLOUDFOUNDRY : Build started 
 2019-03-21 17:26:55 IBM-CLOUDFOUNDRY : go changed /Users/m-lukas/Documents/Projects/go/src/github.com/m-lukas/ibm-cloudfoundry/main.go 
 2019-03-21 17:26:55 IBM-CLOUDFOUNDRY : Install started 
 2019-03-21 17:26:56 IBM-CLOUDFOUNDRY : Install in 1.064 s 
 2019-03-21 17:26:56 IBM-CLOUDFOUNDRY : Build started 
 2019-03-21 17:26:57 IBM-CLOUDFOUNDRY : Build in 0.892 s 
 2019-03-21 17:27:51 IBM-CLOUDFOUNDRY : go changed /Users/m-lukas/Documents/Projects/go/src/github.com/m-lukas/ibm-cloudfoundry/main.go 
 2019-03-21 17:27:51 IBM-CLOUDFOUNDRY : Install started 
 2019-03-21 17:27:53 IBM-CLOUDFOUNDRY : Install in 1.062 s 
 2019-03-21 17:27:53 IBM-CLOUDFOUNDRY : Build started 
 2019-03-21 17:27:53 IBM-CLOUDFOUNDRY : Build in 0.932 s 
 2019-03-21 17:47:58 IBM-CLOUDFOUNDRY : go changed /Users/m-lukas/Documents/Projects/go/src/github.com/m-lukas/ibm-cloudfoundry/main.go 
 2019-03-21 17:47:58 IBM-CLOUDFOUNDRY : Install started 
 2019-03-21 17:47:59 IBM-CLOUDFOUNDRY : Build started 
 2019-03-21 17:48:35 IBM-CLOUDFOUNDRY : go changed /Users/m-lukas/Documents/Projects/go/src/github.com/m-lukas/ibm-cloudfoundry/main.go 
 2019-03-21 17:48:35 IBM-CLOUDFOUNDRY : Install started 
 2019-03-21 17:48:35 IBM-CLOUDFOUNDRY : Build started 
 2019-03-21 17:49:07 IBM-CLOUDFOUNDRY : go changed /Users/m-lukas/Documents/Projects/go/src/github.com/m-lukas/ibm-cloudfoundry/main.go 
 2019-03-21 17:49:07 IBM-CLOUDFOUNDRY : Install started 
 2019-03-21 17:49:08 IBM-CLOUDFOUNDRY : Install in 1.050 s 
 2019-03-21 17:49:08 IBM-CLOUDFOUNDRY : Build started 
 2019-03-21 17:49:09 IBM-CLOUDFOUNDRY : Build in 1.139 s 
 2019-03-21 17:49:45 IBM-CLOUDFOUNDRY : go changed /Users/m-lukas/Documents/Projects/go/src/github.com/m-lukas/ibm-cloudfoundry/main.go 
 2019-03-21 17:49:45 IBM-CLOUDFOUNDRY : Install started 
 2019-03-21 17:49:46 IBM-CLOUDFOUNDRY : Install in 1.047 s 
 2019-03-21 17:49:46 IBM-CLOUDFOUNDRY : Build started 
 2019-03-21 17:49:47 IBM-CLOUDFOUNDRY : Build in 0.926 s 
 2019-03-21 17:49:52 IBM-CLOUDFOUNDRY : go changed /Users/m-lukas/Documents/Projects/go/src/github.com/m-lukas/ibm-cloudfoundry/main.go 
 2019-03-21 17:49:52 IBM-CLOUDFOUNDRY : Install started 
 2019-03-21 17:49:53 IBM-CLOUDFOUNDRY : Install in 1.033 s 
 2019-03-21 17:49:53 IBM-CLOUDFOUNDRY : Build started 
 2019-03-21 17:49:54 IBM-CLOUDFOUNDRY : Build in 1.029 s 
 2019-03-21 17:50:36 IBM-CLOUDFOUNDRY : go changed /Users/m-lukas/Documents/Projects/go/src/github.com/m-lukas/ibm-cloudfoundry/main.go 
 2019-03-21 17:50:36 IBM-CLOUDFOUNDRY : Install started 
 2019-03-21 17:50:37 IBM-CLOUDFOUNDRY : Install in 1.078 s 
 2019-03-21 17:50:37 IBM-CLOUDFOUNDRY : Build started 
 2019-03-21 17:50:38 IBM-CLOUDFOUNDRY : Build in 0.934 s 
 2019-03-21 17:54:05 IBM-CLOUDFOUNDRY : Watching 1 files/s 2 folder/s 
 2019-03-21 17:54:05 IBM-CLOUDFOUNDRY : Install started 
 2019-03-21 17:54:06 IBM-CLOUDFOUNDRY : Install in 0.261 s 
 2019-03-21 17:54:06 IBM-CLOUDFOUNDRY : Build started 
 2019-03-21 17:54:07 IBM-CLOUDFOUNDRY : Build in 0.969 s 
 2019-03-23 11:35:54 IBM-CLOUDFOUNDRY : go changed /Users/m-lukas/Documents/Projects/go/src/github.com/m-lukas/ibm-cloudfoundry/main.go 
 2019-03-23 11:35:54 IBM-CLOUDFOUNDRY : Install started 
 2019-03-23 11:35:55 IBM-CLOUDFOUNDRY : Install in 1.090 s 
 2019-03-23 11:35:55 IBM-CLOUDFOUNDRY : Build started 
 2019-03-23 11:35:56 IBM-CLOUDFOUNDRY : Build in 0.955 s 
 2019-03-23 11:43:22 IBM-CLOUDFOUNDRY : go changed /Users/m-lukas/Documents/Projects/go/src/github.com/m-lukas/ibm-cloudfoundry/main.go 
 2019-03-23 11:43:23 IBM-CLOUDFOUNDRY : Install started 
 2019-03-23 11:43:24 IBM-CLOUDFOUNDRY : Install in 1.133 s 
 2019-03-23 11:43:24 IBM-CLOUDFOUNDRY : Build started 
 2019-03-23 11:43:25 IBM-CLOUDFOUNDRY : Build in 0.965 s 
 2019-03-23 11:57:46 IBM-CLOUDFOUNDRY : go changed /Users/m-lukas/Documents/Projects/go/src/github.com/m-lukas/ibm-cloudfoundry/main.go 
 2019-03-23 11:57:46 IBM-CLOUDFOUNDRY : Install started 
 2019-03-23 11:57:47 IBM-CLOUDFOUNDRY : Build started 
 2019-03-23 11:57:52 IBM-CLOUDFOUNDRY : go changed /Users/m-lukas/Documents/Projects/go/src/github.com/m-lukas/ibm-cloudfoundry/main.go 
 2019-03-23 11:57:52 IBM-CLOUDFOUNDRY : Install started 
 2019-03-23 11:57:53 IBM-CLOUDFOUNDRY : Install in 1.046 s 
 2019-03-23 11:57:53 IBM-CLOUDFOUNDRY : Build started 
 2019-03-23 11:57:54 IBM-CLOUDFOUNDRY : Build in 0.914 s 
 2019-03-23 11:59:13 IBM-CLOUDFOUNDRY : Watching 1 files/s 2 folder/s 
 2019-03-23 11:59:13 IBM-CLOUDFOUNDRY : Install started 
 2019-03-23 11:59:14 IBM-CLOUDFOUNDRY : Install in 0.209 s 
 2019-03-23 11:59:14 IBM-CLOUDFOUNDRY : Build started 
 2019-03-23 11:59:15 IBM-CLOUDFOUNDRY : Build in 0.946 s 
 2019-03-23 11:59:49 IBM-CLOUDFOUNDRY : Watching 1 files/s 2 folder/s 
 2019-03-23 11:59:49 IBM-CLOUDFOUNDRY : Install started 
 2019-03-23 11:59:50 IBM-CLOUDFOUNDRY : Install in 0.200 s 
 2019-03-23 11:59:50 IBM-CLOUDFOUNDRY : Build started 
 2019-03-23 11:59:50 IBM-CLOUDFOUNDRY : Build in 0.932 s 
 2019-03-23 12:00:19 IBM-CLOUDFOUNDRY : Watching 1 files/s 2 folder/s 
 2019-03-23 12:00:19 IBM-CLOUDFOUNDRY : Install started 
 2019-03-23 12:00:19 IBM-CLOUDFOUNDRY : Install in 0.221 s 
 2019-03-23 12:00:19 IBM-CLOUDFOUNDRY : Build started 
 2019-03-23 12:00:20 IBM-CLOUDFOUNDRY : Build in 0.991 s 
 2019-03-23 12:01:51 IBM-CLOUDFOUNDRY : Watching 1 files/s 2 folder/s 
 2019-03-23 12:01:51 IBM-CLOUDFOUNDRY : Install started 
 2019-03-23 12:01:51 IBM-CLOUDFOUNDRY : Install in 0.202 s 
 2019-03-23 12:01:51 IBM-CLOUDFOUNDRY : Build started 
 2019-03-23 12:01:52 IBM-CLOUDFOUNDRY : Build in 0.925 s 
 2019-03-23 12:03:16 IBM-CLOUDFOUNDRY : Watching 1 files/s 2 folder/s 
 2019-03-23 12:03:16 IBM-CLOUDFOUNDRY : Install started 
 2019-03-23 12:03:16 IBM-CLOUDFOUNDRY : Install in 0.227 s 
 2019-03-23 12:03:16 IBM-CLOUDFOUNDRY : Build started 
 2019-03-23 12:03:17 IBM-CLOUDFOUNDRY : Build in 0.952 s 
 2019-03-23 12:03:29 IBM-CLOUDFOUNDRY : Watching 1 files/s 2 folder/s 
 2019-03-23 12:03:29 IBM-CLOUDFOUNDRY : Install started 
 2019-03-23 12:03:30 IBM-CLOUDFOUNDRY : Install in 0.207 s 
 2019-03-23 12:03:30 IBM-CLOUDFOUNDRY : Build started 
 2019-03-23 12:03:31 IBM-CLOUDFOUNDRY : Build in 0.982 s 
 2019-03-23 12:15:25 IBM-CLOUDFOUNDRY : go changed /Users/m-lukas/Documents/Projects/go/src/github.com/m-lukas/ibm-cloudfoundry/main.go 
 2019-03-23 12:15:25 IBM-CLOUDFOUNDRY : Install started 
 2019-03-23 12:15:26 IBM-CLOUDFOUNDRY : Install in 1.022 s 
 2019-03-23 12:15:26 IBM-CLOUDFOUNDRY : Build started 
 2019-03-23 12:15:27 IBM-CLOUDFOUNDRY : Build in 0.932 s 
 2019-03-23 12:15:59 IBM-CLOUDFOUNDRY : go changed /Users/m-lukas/Documents/Projects/go/src/github.com/m-lukas/ibm-cloudfoundry/main.go 
 2019-03-23 12:16:00 IBM-CLOUDFOUNDRY : Install started 
 2019-03-23 12:16:01 IBM-CLOUDFOUNDRY : Install in 1.098 s 
 2019-03-23 12:16:01 IBM-CLOUDFOUNDRY : Build started 
 2019-03-23 12:16:02 IBM-CLOUDFOUNDRY : Build in 0.985 s 
 2019-03-23 12:16:13 IBM-CLOUDFOUNDRY : go changed /Users/m-lukas/Documents/Projects/go/src/github.com/m-lukas/ibm-cloudfoundry/main.go 
 2019-03-23 12:16:13 IBM-CLOUDFOUNDRY : Install started 
 2019-03-23 12:16:14 IBM-CLOUDFOUNDRY : Install in 1.133 s 
 2019-03-23 12:16:14 IBM-CLOUDFOUNDRY : Build started 
 2019-03-23 12:16:15 IBM-CLOUDFOUNDRY : Build in 0.988 s 
 2019-03-23 12:19:37 IBM-CLOUDFOUNDRY : Watching 1 files/s 2 folder/s 
 2019-03-23 12:19:37 IBM-CLOUDFOUNDRY : Install started 
 2019-03-23 12:19:37 IBM-CLOUDFOUNDRY : Install in 0.211 s 
 2019-03-23 12:19:37 IBM-CLOUDFOUNDRY : Build started 
 2019-03-23 12:19:38 IBM-CLOUDFOUNDRY : Build in 1.017 s 
 2019-03-23 12:20:09 IBM-CLOUDFOUNDRY : Watching 1 files/s 2 folder/s 
 2019-03-23 12:20:09 IBM-CLOUDFOUNDRY : Install started 
 2019-03-23 12:20:09 IBM-CLOUDFOUNDRY : Install in 0.209 s 
 2019-03-23 12:20:09 IBM-CLOUDFOUNDRY : Build started 
 2019-03-23 12:20:10 IBM-CLOUDFOUNDRY : Build in 0.942 s 
 2019-03-23 12:20:25 IBM-CLOUDFOUNDRY : Watching 1 files/s 2 folder/s 
 2019-03-23 12:20:25 IBM-CLOUDFOUNDRY : Install started 
 2019-03-23 12:20:26 IBM-CLOUDFOUNDRY : Install in 0.225 s 
 2019-03-23 12:20:26 IBM-CLOUDFOUNDRY : Build started 
 2019-03-23 12:20:27 IBM-CLOUDFOUNDRY : Build in 1.026 s 
 2019-03-23 12:23:49 IBM-CLOUDFOUNDRY : Watching 1 files/s 2 folder/s 
 2019-03-23 12:23:49 IBM-CLOUDFOUNDRY : Install started 
 2019-03-23 12:23:49 IBM-CLOUDFOUNDRY : Install in 0.223 s 
 2019-03-23 12:23:49 IBM-CLOUDFOUNDRY : Build started 
 2019-03-23 12:23:50 IBM-CLOUDFOUNDRY : Build in 0.940 s 
 2019-03-23 12:48:44 IBM-CLOUDFOUNDRY : go changed /Users/m-lukas/Documents/Projects/go/src/github.com/m-lukas/ibm-cloudfoundry/routes.go 
 2019-03-23 12:48:44 IBM-CLOUDFOUNDRY : Install started 
 2019-03-23 12:48:44 IBM-CLOUDFOUNDRY : Build started 
 2019-03-23 12:48:59 IBM-CLOUDFOUNDRY : go changed /Users/m-lukas/Documents/Projects/go/src/github.com/m-lukas/ibm-cloudfoundry/routes.go 
 2019-03-23 12:48:59 IBM-CLOUDFOUNDRY : Install started 
 2019-03-23 12:49:00 IBM-CLOUDFOUNDRY : Build started 
 2019-03-23 12:49:30 IBM-CLOUDFOUNDRY : go changed /Users/m-lukas/Documents/Projects/go/src/github.com/m-lukas/ibm-cloudfoundry/db.go 
 2019-03-23 12:49:30 IBM-CLOUDFOUNDRY : Install started 
 2019-03-23 12:49:30 IBM-CLOUDFOUNDRY : Build started 
 2019-03-23 12:49:37 IBM-CLOUDFOUNDRY : go changed /Users/m-lukas/Documents/Projects/go/src/github.com/m-lukas/ibm-cloudfoundry/db.go 
 2019-03-23 12:49:37 IBM-CLOUDFOUNDRY : Install started 
 2019-03-23 12:49:37 IBM-CLOUDFOUNDRY : Build started 
 2019-03-23 12:50:39 IBM-CLOUDFOUNDRY : go changed /Users/m-lukas/Documents/Projects/go/src/github.com/m-lukas/ibm-cloudfoundry/main.go 
 2019-03-23 12:50:39 IBM-CLOUDFOUNDRY : Install started 
 2019-03-23 12:50:40 IBM-CLOUDFOUNDRY : Build started 
 2019-03-23 12:50:42 IBM-CLOUDFOUNDRY : go changed /Users/m-lukas/Documents/Projects/go/src/github.com/m-lukas/ibm-cloudfoundry/db.go 
 2019-03-23 12:50:42 IBM-CLOUDFOUNDRY : Install started 
 2019-03-23 12:50:43 IBM-CLOUDFOUNDRY : Build started 
 2019-03-23 12:50:55 IBM-CLOUDFOUNDRY : go changed /Users/m-lukas/Documents/Projects/go/src/github.com/m-lukas/ibm-cloudfoundry/main.go 
 2019-03-23 12:50:55 IBM-CLOUDFOUNDRY : Install started 
 2019-03-23 12:50:56 IBM-CLOUDFOUNDRY : Install in 1.061 s 
 2019-03-23 12:50:56 IBM-CLOUDFOUNDRY : Build started 
 2019-03-23 12:50:57 IBM-CLOUDFOUNDRY : Build in 0.968 s 
 2019-03-23 12:53:14 IBM-CLOUDFOUNDRY : go changed /Users/m-lukas/Documents/Projects/go/src/github.com/m-lukas/ibm-cloudfoundry/main.go 
 2019-03-23 12:53:14 IBM-CLOUDFOUNDRY : Install started 
 2019-03-23 12:53:15 IBM-CLOUDFOUNDRY : Build started 
 2019-03-23 12:53:56 IBM-CLOUDFOUNDRY : go changed /Users/m-lukas/Documents/Projects/go/src/github.com/m-lukas/ibm-cloudfoundry/main.go 
 2019-03-23 12:53:56 IBM-CLOUDFOUNDRY : Install started 
 2019-03-23 12:53:57 IBM-CLOUDFOUNDRY : Install in 1.073 s 
 2019-03-23 12:53:57 IBM-CLOUDFOUNDRY : Build started 
 2019-03-23 12:53:58 IBM-CLOUDFOUNDRY : Build in 1.037 s 
 2019-03-23 12:54:37 IBM-CLOUDFOUNDRY : go changed /Users/m-lukas/Documents/Projects/go/src/github.com/m-lukas/ibm-cloudfoundry/main.go 
 2019-03-23 12:54:37 IBM-CLOUDFOUNDRY : Install started 
 2019-03-23 12:54:37 IBM-CLOUDFOUNDRY : Build started 
 2019-03-23 12:55:19 IBM-CLOUDFOUNDRY : Watching 3 files/s 2 folder/s 
 2019-03-23 12:55:19 IBM-CLOUDFOUNDRY : Install started 
 2019-03-23 12:55:20 IBM-CLOUDFOUNDRY : Install in 0.954 s 
 2019-03-23 12:55:20 IBM-CLOUDFOUNDRY : Build started 
 2019-03-23 12:55:21 IBM-CLOUDFOUNDRY : Build in 0.948 s 
 2019-03-23 13:13:48 IBM-CLOUDFOUNDRY : go changed /Users/m-lukas/Documents/Projects/go/src/github.com/m-lukas/ibm-cloudfoundry/main.go 
 2019-03-23 13:13:48 IBM-CLOUDFOUNDRY : Install started 
 2019-03-23 13:13:48 IBM-CLOUDFOUNDRY : Install in 0.356 s 
 2019-03-23 13:13:48 IBM-CLOUDFOUNDRY : Build started 
 2019-03-23 13:13:50 IBM-CLOUDFOUNDRY : Build in 1.268 s 
 2019-03-24 09:38:12 IBM-CLOUDFOUNDRY : Watching 3 files/s 2 folder/s 
 2019-03-24 09:38:12 IBM-CLOUDFOUNDRY : Install started 
 2019-03-24 09:38:12 IBM-CLOUDFOUNDRY : Install in 0.219 s 
 2019-03-24 09:38:12 IBM-CLOUDFOUNDRY : Build started 
 2019-03-24 09:38:13 IBM-CLOUDFOUNDRY : Build in 1.031 s 
 2019-03-24 09:40:28 IBM-CLOUDFOUNDRY : Watching 3 files/s 2 folder/s 
 2019-03-24 09:40:28 IBM-CLOUDFOUNDRY : Install started 
 2019-03-24 09:40:29 IBM-CLOUDFOUNDRY : Install in 0.231 s 
 2019-03-24 09:40:29 IBM-CLOUDFOUNDRY : Build started 
 2019-03-24 09:40:30 IBM-CLOUDFOUNDRY : Build in 0.960 s 
 2019-03-24 10:13:00 IBM-CLOUDFOUNDRY : Watching 3 files/s 2 folder/s 
 2019-03-24 10:13:00 IBM-CLOUDFOUNDRY : Install started 
 2019-03-24 10:13:00 IBM-CLOUDFOUNDRY : Install in 0.217 s 
 2019-03-24 10:13:00 IBM-CLOUDFOUNDRY : Build started 
 2019-03-24 10:13:01 IBM-CLOUDFOUNDRY : Build in 0.946 s 
 2019-03-24 11:26:04 IBM-CLOUDFOUNDRY : go changed /Users/m-lukas/Documents/Projects/go/src/github.com/m-lukas/ibm-cloudfoundry/main.go 
 2019-03-24 11:26:04 IBM-CLOUDFOUNDRY : Install started 
 2019-03-24 11:26:05 IBM-CLOUDFOUNDRY : Build started 
 2019-03-24 11:28:39 IBM-CLOUDFOUNDRY : go changed /Users/m-lukas/Documents/Projects/go/src/github.com/m-lukas/ibm-cloudfoundry/main.go 
 2019-03-24 11:28:39 IBM-CLOUDFOUNDRY : Install started 
 2019-03-24 11:28:40 IBM-CLOUDFOUNDRY : Install in 1.172 s 
 2019-03-24 11:28:40 IBM-CLOUDFOUNDRY : Build started 
 2019-03-24 11:28:41 IBM-CLOUDFOUNDRY : Build in 0.959 s 
 2019-03-24 11:28:58 IBM-CLOUDFOUNDRY : Watching 3 files/s 2 folder/s 
 2019-03-24 11:28:58 IBM-CLOUDFOUNDRY : Install started 
 2019-03-24 11:28:58 IBM-CLOUDFOUNDRY : Install in 0.204 s 
 2019-03-24 11:28:58 IBM-CLOUDFOUNDRY : Build started 
 2019-03-24 11:28:59 IBM-CLOUDFOUNDRY : Build in 0.921 s 
 2019-03-24 11:31:31 IBM-CLOUDFOUNDRY : go changed /Users/m-lukas/Documents/Projects/go/src/github.com/m-lukas/ibm-cloudfoundry/main.go 
 2019-03-24 11:31:31 IBM-CLOUDFOUNDRY : Install started 
 2019-03-24 11:31:32 IBM-CLOUDFOUNDRY : Install in 1.150 s 
 2019-03-24 11:31:32 IBM-CLOUDFOUNDRY : Build started 
 2019-03-24 11:31:33 IBM-CLOUDFOUNDRY : Build in 0.936 s 
 2019-03-24 11:32:48 IBM-CLOUDFOUNDRY : go changed /Users/m-lukas/Documents/Projects/go/src/github.com/m-lukas/ibm-cloudfoundry/main.go 
 2019-03-24 11:32:49 IBM-CLOUDFOUNDRY : Install started 
 2019-03-24 11:32:50 IBM-CLOUDFOUNDRY : Install in 1.115 s 
 2019-03-24 11:32:50 IBM-CLOUDFOUNDRY : Build started 
 2019-03-24 11:32:51 IBM-CLOUDFOUNDRY : Build in 0.942 s 
 2019-03-24 11:33:37 IBM-CLOUDFOUNDRY : go changed /Users/m-lukas/Documents/Projects/go/src/github.com/m-lukas/ibm-cloudfoundry/main.go 
 2019-03-24 11:33:37 IBM-CLOUDFOUNDRY : Install started 
 2019-03-24 11:33:38 IBM-CLOUDFOUNDRY : Install in 1.117 s 
 2019-03-24 11:33:38 IBM-CLOUDFOUNDRY : Build started 
 2019-03-24 11:33:39 IBM-CLOUDFOUNDRY : Build in 0.995 s 
 2019-03-24 11:34:20 IBM-CLOUDFOUNDRY : go changed /Users/m-lukas/Documents/Projects/go/src/github.com/m-lukas/ibm-cloudfoundry/main.go 
 2019-03-24 11:34:20 IBM-CLOUDFOUNDRY : Install started 
 2019-03-24 11:34:22 IBM-CLOUDFOUNDRY : Install in 1.140 s 
 2019-03-24 11:34:22 IBM-CLOUDFOUNDRY : Build started 
 2019-03-24 11:34:23 IBM-CLOUDFOUNDRY : Build in 0.984 s 
 2019-03-24 11:34:46 IBM-CLOUDFOUNDRY : go changed /Users/m-lukas/Documents/Projects/go/src/github.com/m-lukas/ibm-cloudfoundry/main.go 
 2019-03-24 11:34:46 IBM-CLOUDFOUNDRY : Install started 
 2019-03-24 11:34:47 IBM-CLOUDFOUNDRY : Install in 1.125 s 
 2019-03-24 11:34:47 IBM-CLOUDFOUNDRY : Build started 
 2019-03-24 11:34:48 IBM-CLOUDFOUNDRY : Build in 0.960 s 
 2019-03-24 11:42:02 IBM-CLOUDFOUNDRY : go changed /Users/m-lukas/Documents/Projects/go/src/github.com/m-lukas/ibm-cloudfoundry/main.go 
 2019-03-24 11:42:03 IBM-CLOUDFOUNDRY : Install started 
 2019-03-24 11:42:04 IBM-CLOUDFOUNDRY : Install in 1.255 s 
 2019-03-24 11:42:04 IBM-CLOUDFOUNDRY : Build started 
 2019-03-24 11:42:05 IBM-CLOUDFOUNDRY : Build in 1.052 s 
 2019-03-24 11:43:21 IBM-CLOUDFOUNDRY : go changed /Users/m-lukas/Documents/Projects/go/src/github.com/m-lukas/ibm-cloudfoundry/db.go 
 2019-03-24 11:43:21 IBM-CLOUDFOUNDRY : Install started 
 2019-03-24 11:43:22 IBM-CLOUDFOUNDRY : Build started 
 2019-03-24 11:46:59 IBM-CLOUDFOUNDRY : go changed /Users/m-lukas/Documents/Projects/go/src/github.com/m-lukas/ibm-cloudfoundry/db.go 
 2019-03-24 11:47:00 IBM-CLOUDFOUNDRY : Install started 
 2019-03-24 11:47:00 IBM-CLOUDFOUNDRY : Build started 
 2019-03-24 11:51:05 IBM-CLOUDFOUNDRY : go changed /Users/m-lukas/Documents/Projects/go/src/github.com/m-lukas/ibm-cloudfoundry/db.go 
 2019-03-24 11:51:05 IBM-CLOUDFOUNDRY : Install started 
 2019-03-24 11:51:05 IBM-CLOUDFOUNDRY : Build started 
 2019-03-24 11:51:12 IBM-CLOUDFOUNDRY : go changed /Users/m-lukas/Documents/Projects/go/src/github.com/m-lukas/ibm-cloudfoundry/db.go 
 2019-03-24 11:51:12 IBM-CLOUDFOUNDRY : Install started 
 2019-03-24 11:51:12 IBM-CLOUDFOUNDRY : Build started 
 2019-03-24 11:51:29 IBM-CLOUDFOUNDRY : go changed /Users/m-lukas/Documents/Projects/go/src/github.com/m-lukas/ibm-cloudfoundry/db.go 
 2019-03-24 11:51:29 IBM-CLOUDFOUNDRY : Install started 
 2019-03-24 11:51:30 IBM-CLOUDFOUNDRY : Build started 
 2019-03-24 11:51:47 IBM-CLOUDFOUNDRY : go changed /Users/m-lukas/Documents/Projects/go/src/github.com/m-lukas/ibm-cloudfoundry/main.go 
 2019-03-24 11:51:47 IBM-CLOUDFOUNDRY : Install started 
 2019-03-24 11:51:48 IBM-CLOUDFOUNDRY : Build started 
 2019-03-24 11:51:56 IBM-CLOUDFOUNDRY : go changed /Users/m-lukas/Documents/Projects/go/src/github.com/m-lukas/ibm-cloudfoundry/db.go 
 2019-03-24 11:51:56 IBM-CLOUDFOUNDRY : Install started 
 2019-03-24 11:51:56 IBM-CLOUDFOUNDRY : Build started 
 2019-03-24 11:52:07 IBM-CLOUDFOUNDRY : go changed /Users/m-lukas/Documents/Projects/go/src/github.com/m-lukas/ibm-cloudfoundry/db.go 
 2019-03-24 11:52:07 IBM-CLOUDFOUNDRY : Install started 
 2019-03-24 11:52:08 IBM-CLOUDFOUNDRY : Install in 1.201 s 
 2019-03-24 11:52:08 IBM-CLOUDFOUNDRY : Build started 
 2019-03-24 11:52:09 IBM-CLOUDFOUNDRY : Build in 0.964 s 
 2019-03-24 11:52:25 IBM-CLOUDFOUNDRY : go changed /Users/m-lukas/Documents/Projects/go/src/github.com/m-lukas/ibm-cloudfoundry/db.go 
 2019-03-24 11:52:25 IBM-CLOUDFOUNDRY : Install started 
 2019-03-24 11:52:26 IBM-CLOUDFOUNDRY : Install in 1.085 s 
 2019-03-24 11:52:26 IBM-CLOUDFOUNDRY : Build started 
 2019-03-24 11:52:27 IBM-CLOUDFOUNDRY : Build in 1.004 s 
 2019-03-24 11:53:06 IBM-CLOUDFOUNDRY : go changed /Users/m-lukas/Documents/Projects/go/src/github.com/m-lukas/ibm-cloudfoundry/main.go 
 2019-03-24 11:53:06 IBM-CLOUDFOUNDRY : Install started 
 2019-03-24 11:53:07 IBM-CLOUDFOUNDRY : Install in 1.081 s 
 2019-03-24 11:53:07 IBM-CLOUDFOUNDRY : Build started 
 2019-03-24 11:53:08 IBM-CLOUDFOUNDRY : Build in 0.925 s 
 2019-03-24 13:23:41 IBM-CLOUDFOUNDRY : go changed /Users/m-lukas/Documents/Projects/go/src/github.com/m-lukas/ibm-cloudfoundry/db.go 
 2019-03-24 13:23:42 IBM-CLOUDFOUNDRY : Install started 
 2019-03-24 13:23:43 IBM-CLOUDFOUNDRY : Install in 1.288 s 
 2019-03-24 13:23:43 IBM-CLOUDFOUNDRY : Build started 
 2019-03-24 13:23:44 IBM-CLOUDFOUNDRY : Build in 0.962 s 
 2019-03-24 13:27:02 IBM-CLOUDFOUNDRY : Watching 3 files/s 2 folder/s 
 2019-03-24 13:27:02 IBM-CLOUDFOUNDRY : Install started 
 2019-03-24 13:27:02 IBM-CLOUDFOUNDRY : Install in 0.208 s 
 2019-03-24 13:27:02 IBM-CLOUDFOUNDRY : Build started 
 2019-03-24 13:27:03 IBM-CLOUDFOUNDRY : Build in 0.946 s 
 2019-03-24 13:27:25 IBM-CLOUDFOUNDRY : go changed /Users/m-lukas/Documents/Projects/go/src/github.com/m-lukas/ibm-cloudfoundry/db.go 
 2019-03-24 13:27:25 IBM-CLOUDFOUNDRY : Install started 
 2019-03-24 13:27:27 IBM-CLOUDFOUNDRY : Install in 1.102 s 
 2019-03-24 13:27:27 IBM-CLOUDFOUNDRY : Build started 
 2019-03-24 13:27:28 IBM-CLOUDFOUNDRY : Build in 0.989 s 
 2019-03-24 13:31:33 IBM-CLOUDFOUNDRY : go changed /Users/m-lukas/Documents/Projects/go/src/github.com/m-lukas/ibm-cloudfoundry/db.go 
 2019-03-24 13:31:33 IBM-CLOUDFOUNDRY : Install started 
 2019-03-24 13:31:34 IBM-CLOUDFOUNDRY : Install in 1.104 s 
 2019-03-24 13:31:34 IBM-CLOUDFOUNDRY : Build started 
 2019-03-24 13:31:35 IBM-CLOUDFOUNDRY : Build in 0.948 s 
 2019-03-24 13:31:56 IBM-CLOUDFOUNDRY : go changed /Users/m-lukas/Documents/Projects/go/src/github.com/m-lukas/ibm-cloudfoundry/main.go 
 2019-03-24 13:31:56 IBM-CLOUDFOUNDRY : Install started 
 2019-03-24 13:31:57 IBM-CLOUDFOUNDRY : Install in 1.097 s 
 2019-03-24 13:31:57 IBM-CLOUDFOUNDRY : Build started 
 2019-03-24 13:31:58 IBM-CLOUDFOUNDRY : Build in 0.936 s 
 2019-03-24 13:33:01 IBM-CLOUDFOUNDRY : go changed /Users/m-lukas/Documents/Projects/go/src/github.com/m-lukas/ibm-cloudfoundry/main.go 
 2019-03-24 13:33:01 IBM-CLOUDFOUNDRY : Install started 
 2019-03-24 13:33:02 IBM-CLOUDFOUNDRY : Install in 0.874 s 
 2019-03-24 13:33:02 IBM-CLOUDFOUNDRY : go changed /Users/m-lukas/Documents/Projects/go/src/github.com/m-lukas/ibm-cloudfoundry/db.go 
 2019-03-24 13:33:02 IBM-CLOUDFOUNDRY : Install started 
 2019-03-24 13:33:03 IBM-CLOUDFOUNDRY : Install in 1.221 s 
 2019-03-24 13:33:03 IBM-CLOUDFOUNDRY : Build started 
 2019-03-24 13:33:04 IBM-CLOUDFOUNDRY : Build in 0.961 s 
 2019-03-24 13:36:13 IBM-CLOUDFOUNDRY : go changed /Users/m-lukas/Documents/Projects/go/src/github.com/m-lukas/ibm-cloudfoundry/db.go 
 2019-03-24 13:36:13 IBM-CLOUDFOUNDRY : Install started 
 2019-03-24 13:36:14 IBM-CLOUDFOUNDRY : Build started 
 2019-03-24 13:37:23 IBM-CLOUDFOUNDRY : go changed /Users/m-lukas/Documents/Projects/go/src/github.com/m-lukas/ibm-cloudfoundry/db.go 
 2019-03-24 13:37:23 IBM-CLOUDFOUNDRY : Install started 
 2019-03-24 13:37:24 IBM-CLOUDFOUNDRY : Build started 
 2019-03-24 13:37:57 IBM-CLOUDFOUNDRY : go changed /Users/m-lukas/Documents/Projects/go/src/github.com/m-lukas/ibm-cloudfoundry/db.go 
 2019-03-24 13:37:57 IBM-CLOUDFOUNDRY : Install started 
 2019-03-24 13:37:58 IBM-CLOUDFOUNDRY : Install in 1.117 s 
 2019-03-24 13:37:58 IBM-CLOUDFOUNDRY : Build started 
 2019-03-24 13:37:59 IBM-CLOUDFOUNDRY : Build in 0.959 s 
 2019-03-24 13:38:31 IBM-CLOUDFOUNDRY : go changed /Users/m-lukas/Documents/Projects/go/src/github.com/m-lukas/ibm-cloudfoundry/main.go 
 2019-03-24 13:38:31 IBM-CLOUDFOUNDRY : Install started 
 2019-03-24 13:38:32 IBM-CLOUDFOUNDRY : Install in 1.097 s 
 2019-03-24 13:38:32 IBM-CLOUDFOUNDRY : Build started 
 2019-03-24 13:38:33 IBM-CLOUDFOUNDRY : Build in 0.944 s 
 2019-03-24 17:01:47 IBM-CLOUDFOUNDRY : go changed /Users/m-lukas/Documents/Projects/go/src/github.com/m-lukas/ibm-cloudfoundry/main.go 
 2019-03-24 17:01:47 IBM-CLOUDFOUNDRY : Install started 
 2019-03-24 17:01:49 IBM-CLOUDFOUNDRY : Install in 1.288 s 
 2019-03-24 17:01:49 IBM-CLOUDFOUNDRY : Build started 
 2019-03-24 17:01:50 IBM-CLOUDFOUNDRY : Build in 0.985 s 
 2019-03-24 17:02:44 IBM-CLOUDFOUNDRY : go changed /Users/m-lukas/Documents/Projects/go/src/github.com/m-lukas/ibm-cloudfoundry/db.go 
 2019-03-24 17:02:44 IBM-CLOUDFOUNDRY : Install started 
 2019-03-24 17:02:44 IBM-CLOUDFOUNDRY : Build started 
 2019-03-24 17:03:47 IBM-CLOUDFOUNDRY : go changed /Users/m-lukas/Documents/Projects/go/src/github.com/m-lukas/ibm-cloudfoundry/db.go 
 2019-03-24 17:03:47 IBM-CLOUDFOUNDRY : Install started 
 2019-03-24 17:03:48 IBM-CLOUDFOUNDRY : Install in 1.116 s 
 2019-03-24 17:03:48 IBM-CLOUDFOUNDRY : Build started 
 2019-03-24 17:03:49 IBM-CLOUDFOUNDRY : Build in 0.989 s 
 2019-03-24 17:04:16 IBM-CLOUDFOUNDRY : go changed /Users/m-lukas/Documents/Projects/go/src/github.com/m-lukas/ibm-cloudfoundry/db.go 
 2019-03-24 17:04:16 IBM-CLOUDFOUNDRY : Install started 
 2019-03-24 17:04:17 IBM-CLOUDFOUNDRY : Build started 
 2019-03-24 17:06:32 IBM-CLOUDFOUNDRY : go changed /Users/m-lukas/Documents/Projects/go/src/github.com/m-lukas/ibm-cloudfoundry/models.go 
 2019-03-24 17:06:32 IBM-CLOUDFOUNDRY : Install started 
 2019-03-24 17:06:32 IBM-CLOUDFOUNDRY : Build started 
 2019-03-24 17:08:13 IBM-CLOUDFOUNDRY : go changed /Users/m-lukas/Documents/Projects/go/src/github.com/m-lukas/ibm-cloudfoundry/models.go 
 2019-03-24 17:08:13 IBM-CLOUDFOUNDRY : Install started 
 2019-03-24 17:08:13 IBM-CLOUDFOUNDRY : Build started 
 2019-03-24 17:09:10 IBM-CLOUDFOUNDRY : go changed /Users/m-lukas/Documents/Projects/go/src/github.com/m-lukas/ibm-cloudfoundry/db.go 
 2019-03-24 17:09:10 IBM-CLOUDFOUNDRY : Install started 
 2019-03-24 17:09:11 IBM-CLOUDFOUNDRY : Build started 
 2019-03-24 17:12:02 IBM-CLOUDFOUNDRY : go changed /Users/m-lukas/Documents/Projects/go/src/github.com/m-lukas/ibm-cloudfoundry/db.go 
 2019-03-24 17:12:02 IBM-CLOUDFOUNDRY : Install started 
 2019-03-24 17:12:02 IBM-CLOUDFOUNDRY : Build started 
 2019-03-24 17:13:08 IBM-CLOUDFOUNDRY : go changed /Users/m-lukas/Documents/Projects/go/src/github.com/m-lukas/ibm-cloudfoundry/db.go 
 2019-03-24 17:13:08 IBM-CLOUDFOUNDRY : Install started 
 2019-03-24 17:13:08 IBM-CLOUDFOUNDRY : Build started 
 2019-03-24 17:13:11 IBM-CLOUDFOUNDRY : go changed /Users/m-lukas/Documents/Projects/go/src/github.com/m-lukas/ibm-cloudfoundry/db.go 
 2019-03-24 17:13:11 IBM-CLOUDFOUNDRY : Install started 
 2019-03-24 17:13:11 IBM-CLOUDFOUNDRY : Build started 
 2019-03-24 17:13:19 IBM-CLOUDFOUNDRY : go changed /Users/m-lukas/Documents/Projects/go/src/github.com/m-lukas/ibm-cloudfoundry/db.go 
 2019-03-24 17:13:19 IBM-CLOUDFOUNDRY : Install started 
 2019-03-24 17:13:20 IBM-CLOUDFOUNDRY : Install in 1.091 s 
 2019-03-24 17:13:20 IBM-CLOUDFOUNDRY : Build started 
 2019-03-24 17:13:21 IBM-CLOUDFOUNDRY : Build in 0.966 s 
 2019-03-24 17:23:40 IBM-CLOUDFOUNDRY : go changed /Users/m-lukas/Documents/Projects/go/src/github.com/m-lukas/ibm-cloudfoundry/db.go 
 2019-03-24 17:23:40 IBM-CLOUDFOUNDRY : Install started 
 2019-03-24 17:23:40 IBM-CLOUDFOUNDRY : Build started 
 2019-03-24 17:28:57 IBM-CLOUDFOUNDRY : go changed /Users/m-lukas/Documents/Projects/go/src/github.com/m-lukas/ibm-cloudfoundry/db.go 
 2019-03-24 17:28:57 IBM-CLOUDFOUNDRY : Install started 
 2019-03-24 17:28:57 IBM-CLOUDFOUNDRY : Build started 
 2019-03-24 17:29:07 IBM-CLOUDFOUNDRY : go changed /Users/m-lukas/Documents/Projects/go/src/github.com/m-lukas/ibm-cloudfoundry/db.go 
 2019-03-24 17:29:07 IBM-CLOUDFOUNDRY : Install started 
 2019-03-24 17:29:08 IBM-CLOUDFOUNDRY : Build started 
 2019-03-24 17:29:31 IBM-CLOUDFOUNDRY : go changed /Users/m-lukas/Documents/Projects/go/src/github.com/m-lukas/ibm-cloudfoundry/db.go 
 2019-03-24 17:29:31 IBM-CLOUDFOUNDRY : Install started 
 2019-03-24 17:29:32 IBM-CLOUDFOUNDRY : Install in 1.162 s 
 2019-03-24 17:29:32 IBM-CLOUDFOUNDRY : Build started 
 2019-03-24 17:29:33 IBM-CLOUDFOUNDRY : Build in 0.960 s 
 2019-03-24 17:30:20 IBM-CLOUDFOUNDRY : go changed /Users/m-lukas/Documents/Projects/go/src/github.com/m-lukas/ibm-cloudfoundry/main.go 
 2019-03-24 17:30:20 IBM-CLOUDFOUNDRY : Install started 
 2019-03-24 17:30:21 IBM-CLOUDFOUNDRY : Build started 
 2019-03-24 17:31:19 IBM-CLOUDFOUNDRY : go changed /Users/m-lukas/Documents/Projects/go/src/github.com/m-lukas/ibm-cloudfoundry/main.go 
 2019-03-24 17:31:19 IBM-CLOUDFOUNDRY : Install started 
 2019-03-24 17:31:19 IBM-CLOUDFOUNDRY : Build started 
 2019-03-24 17:31:41 IBM-CLOUDFOUNDRY : go changed /Users/m-lukas/Documents/Projects/go/src/github.com/m-lukas/ibm-cloudfoundry/main.go 
 2019-03-24 17:31:41 IBM-CLOUDFOUNDRY : Install started 
 2019-03-24 17:31:41 IBM-CLOUDFOUNDRY : Build started 
 2019-03-24 17:32:02 IBM-CLOUDFOUNDRY : go changed /Users/m-lukas/Documents/Projects/go/src/github.com/m-lukas/ibm-cloudfoundry/db.go 
 2019-03-24 17:32:02 IBM-CLOUDFOUNDRY : Install started 
 2019-03-24 17:32:03 IBM-CLOUDFOUNDRY : Install in 1.119 s 
 2019-03-24 17:32:03 IBM-CLOUDFOUNDRY : Build started 
 2019-03-24 17:32:04 IBM-CLOUDFOUNDRY : Build in 1.007 s 
 2019-03-24 17:33:00 IBM-CLOUDFOUNDRY : go changed /Users/m-lukas/Documents/Projects/go/src/github.com/m-lukas/ibm-cloudfoundry/db.go 
 2019-03-24 17:33:01 IBM-CLOUDFOUNDRY : Install started 
 2019-03-24 17:33:01 IBM-CLOUDFOUNDRY : Build started 
 2019-03-24 17:33:28 IBM-CLOUDFOUNDRY : go changed /Users/m-lukas/Documents/Projects/go/src/github.com/m-lukas/ibm-cloudfoundry/db.go 
 2019-03-24 17:33:29 IBM-CLOUDFOUNDRY : Install started 
 2019-03-24 17:33:29 IBM-CLOUDFOUNDRY : Build started 
 2019-03-24 17:35:13 IBM-CLOUDFOUNDRY : go changed /Users/m-lukas/Documents/Projects/go/src/github.com/m-lukas/ibm-cloudfoundry/main.go 
 2019-03-24 17:35:13 IBM-CLOUDFOUNDRY : Install started 
 2019-03-24 17:35:14 IBM-CLOUDFOUNDRY : Build started 
 2019-03-24 17:35:36 IBM-CLOUDFOUNDRY : go changed /Users/m-lukas/Documents/Projects/go/src/github.com/m-lukas/ibm-cloudfoundry/main.go 
 2019-03-24 17:35:36 IBM-CLOUDFOUNDRY : Install started 
 2019-03-24 17:35:37 IBM-CLOUDFOUNDRY : Build started 
 2019-03-24 17:36:23 IBM-CLOUDFOUNDRY : go changed /Users/m-lukas/Documents/Projects/go/src/github.com/m-lukas/ibm-cloudfoundry/db.go 
 2019-03-24 17:36:23 IBM-CLOUDFOUNDRY : Install started 
 2019-03-24 17:36:23 IBM-CLOUDFOUNDRY : Build started 
 2019-03-24 17:36:38 IBM-CLOUDFOUNDRY : go changed /Users/m-lukas/Documents/Projects/go/src/github.com/m-lukas/ibm-cloudfoundry/db.go 
 2019-03-24 17:36:38 IBM-CLOUDFOUNDRY : Install started 
 2019-03-24 17:36:38 IBM-CLOUDFOUNDRY : Build started 
 2019-03-24 17:37:43 IBM-CLOUDFOUNDRY : go changed /Users/m-lukas/Documents/Projects/go/src/github.com/m-lukas/ibm-cloudfoundry/db.go 
 2019-03-24 17:37:43 IBM-CLOUDFOUNDRY : Install started 
 2019-03-24 17:37:43 IBM-CLOUDFOUNDRY : Build started 
 2019-03-24 17:40:04 IBM-CLOUDFOUNDRY : go changed /Users/m-lukas/Documents/Projects/go/src/github.com/m-lukas/ibm-cloudfoundry/db.go 
 2019-03-24 17:40:04 IBM-CLOUDFOUNDRY : Install started 
 2019-03-24 17:40:05 IBM-CLOUDFOUNDRY : Build started 
 2019-03-24 17:40:21 IBM-CLOUDFOUNDRY : go changed /Users/m-lukas/Documents/Projects/go/src/github.com/m-lukas/ibm-cloudfoundry/db.go 
 2019-03-24 17:40:22 IBM-CLOUDFOUNDRY : Install started 
 2019-03-24 17:40:22 IBM-CLOUDFOUNDRY : Build started 
 2019-03-24 17:40:24 IBM-CLOUDFOUNDRY : go changed /Users/m-lukas/Documents/Projects/go/src/github.com/m-lukas/ibm-cloudfoundry/db.go 
 2019-03-24 17:40:24 IBM-CLOUDFOUNDRY : Install started 
 2019-03-24 17:40:25 IBM-CLOUDFOUNDRY : Build started 
 2019-03-24 17:40:29 IBM-CLOUDFOUNDRY : go changed /Users/m-lukas/Documents/Projects/go/src/github.com/m-lukas/ibm-cloudfoundry/db.go 
 2019-03-24 17:40:29 IBM-CLOUDFOUNDRY : Install started 
 2019-03-24 17:40:29 IBM-CLOUDFOUNDRY : Build started 
 2019-03-24 17:40:35 IBM-CLOUDFOUNDRY : go changed /Users/m-lukas/Documents/Projects/go/src/github.com/m-lukas/ibm-cloudfoundry/db.go 
 2019-03-24 17:40:35 IBM-CLOUDFOUNDRY : Install started 
 2019-03-24 17:40:35 IBM-CLOUDFOUNDRY : Build started 
 2019-03-24 17:40:38 IBM-CLOUDFOUNDRY : go changed /Users/m-lukas/Documents/Projects/go/src/github.com/m-lukas/ibm-cloudfoundry/db.go 
 2019-03-24 17:40:38 IBM-CLOUDFOUNDRY : Install started 
 2019-03-24 17:40:38 IBM-CLOUDFOUNDRY : Build started 
 2019-03-24 17:41:24 IBM-CLOUDFOUNDRY : go changed /Users/m-lukas/Documents/Projects/go/src/github.com/m-lukas/ibm-cloudfoundry/db.go 
 2019-03-24 17:41:24 IBM-CLOUDFOUNDRY : Install started 
 2019-03-24 17:41:24 IBM-CLOUDFOUNDRY : Build started 
 2019-03-24 17:41:36 IBM-CLOUDFOUNDRY : go changed /Users/m-lukas/Documents/Projects/go/src/github.com/m-lukas/ibm-cloudfoundry/db.go 
 2019-03-24 17:41:36 IBM-CLOUDFOUNDRY : Install started 
 2019-03-24 17:41:37 IBM-CLOUDFOUNDRY : Install in 1.089 s 
 2019-03-24 17:41:37 IBM-CLOUDFOUNDRY : Build started 
 2019-03-24 17:41:38 IBM-CLOUDFOUNDRY : Build in 0.936 s 
 2019-03-24 17:44:03 IBM-CLOUDFOUNDRY : go changed /Users/m-lukas/Documents/Projects/go/src/github.com/m-lukas/ibm-cloudfoundry/db.go 
 2019-03-24 17:44:03 IBM-CLOUDFOUNDRY : Install started 
 2019-03-24 17:44:04 IBM-CLOUDFOUNDRY : Install in 1.145 s 
 2019-03-24 17:44:04 IBM-CLOUDFOUNDRY : Build started 
 2019-03-24 17:44:05 IBM-CLOUDFOUNDRY : Build in 0.989 s 
 2019-03-24 17:44:22 IBM-CLOUDFOUNDRY : go changed /Users/m-lukas/Documents/Projects/go/src/github.com/m-lukas/ibm-cloudfoundry/main.go 
 2019-03-24 17:44:22 IBM-CLOUDFOUNDRY : Install started 
 2019-03-24 17:44:23 IBM-CLOUDFOUNDRY : Build started 
 2019-03-24 17:44:32 IBM-CLOUDFOUNDRY : go changed /Users/m-lukas/Documents/Projects/go/src/github.com/m-lukas/ibm-cloudfoundry/main.go 
 2019-03-24 17:44:32 IBM-CLOUDFOUNDRY : Install started 
 2019-03-24 17:44:32 IBM-CLOUDFOUNDRY : Build started 
 2019-03-24 17:44:45 IBM-CLOUDFOUNDRY : go changed /Users/m-lukas/Documents/Projects/go/src/github.com/m-lukas/ibm-cloudfoundry/main.go 
 2019-03-24 17:44:45 IBM-CLOUDFOUNDRY : Install started 
 2019-03-24 17:44:45 IBM-CLOUDFOUNDRY : Build started 
 2019-03-24 17:45:09 IBM-CLOUDFOUNDRY : go changed /Users/m-lukas/Documents/Projects/go/src/github.com/m-lukas/ibm-cloudfoundry/main.go 
 2019-03-24 17:45:09 IBM-CLOUDFOUNDRY : Install started 
 2019-03-24 17:45:10 IBM-CLOUDFOUNDRY : Install in 1.073 s 
 2019-03-24 17:45:10 IBM-CLOUDFOUNDRY : Build started 
 2019-03-24 17:45:11 IBM-CLOUDFOUNDRY : Build in 0.983 s 
 2019-03-24 17:45:24 IBM-CLOUDFOUNDRY : go changed /Users/m-lukas/Documents/Projects/go/src/github.com/m-lukas/ibm-cloudfoundry/main.go 
 2019-03-24 17:45:24 IBM-CLOUDFOUNDRY : Install started 
 2019-03-24 17:45:24 IBM-CLOUDFOUNDRY : Build started 
 2019-03-24 17:47:44 IBM-CLOUDFOUNDRY : go changed /Users/m-lukas/Documents/Projects/go/src/github.com/m-lukas/ibm-cloudfoundry/main.go 
 2019-03-24 17:47:44 IBM-CLOUDFOUNDRY : Install started 
 2019-03-24 17:47:45 IBM-CLOUDFOUNDRY : Build started 
 2019-03-24 17:47:59 IBM-CLOUDFOUNDRY : go changed /Users/m-lukas/Documents/Projects/go/src/github.com/m-lukas/ibm-cloudfoundry/main.go 
 2019-03-24 17:48:00 IBM-CLOUDFOUNDRY : Install started 
 2019-03-24 17:48:00 IBM-CLOUDFOUNDRY : Build started 
 2019-03-24 17:49:30 IBM-CLOUDFOUNDRY : go changed /Users/m-lukas/Documents/Projects/go/src/github.com/m-lukas/ibm-cloudfoundry/main.go 
 2019-03-24 17:49:30 IBM-CLOUDFOUNDRY : Install started 
 2019-03-24 17:49:31 IBM-CLOUDFOUNDRY : Install in 1.073 s 
 2019-03-24 17:49:31 IBM-CLOUDFOUNDRY : Build started 
 2019-03-24 17:49:32 IBM-CLOUDFOUNDRY : Build in 0.940 s 
 2019-03-24 17:51:19 IBM-CLOUDFOUNDRY : go changed /Users/m-lukas/Documents/Projects/go/src/github.com/m-lukas/ibm-cloudfoundry/db.go 
 2019-03-24 17:51:19 IBM-CLOUDFOUNDRY : Install started 
 2019-03-24 17:51:20 IBM-CLOUDFOUNDRY : Install in 1.173 s 
 2019-03-24 17:51:20 IBM-CLOUDFOUNDRY : Build started 
 2019-03-24 17:51:21 IBM-CLOUDFOUNDRY : Build in 0.938 s 
 2019-03-24 17:52:22 IBM-CLOUDFOUNDRY : go changed /Users/m-lukas/Documents/Projects/go/src/github.com/m-lukas/ibm-cloudfoundry/db.go 
 2019-03-24 17:52:22 IBM-CLOUDFOUNDRY : Install started 
 2019-03-24 17:52:23 IBM-CLOUDFOUNDRY : Build started 
 2019-03-24 17:52:50 IBM-CLOUDFOUNDRY : go changed /Users/m-lukas/Documents/Projects/go/src/github.com/m-lukas/ibm-cloudfoundry/db.go 
 2019-03-24 17:52:50 IBM-CLOUDFOUNDRY : Install started 
 2019-03-24 17:52:51 IBM-CLOUDFOUNDRY : Build started 
 2019-03-24 17:53:05 IBM-CLOUDFOUNDRY : go changed /Users/m-lukas/Documents/Projects/go/src/github.com/m-lukas/ibm-cloudfoundry/main.go 
 2019-03-24 17:53:05 IBM-CLOUDFOUNDRY : Install started 
 2019-03-24 17:53:05 IBM-CLOUDFOUNDRY : Build started 
 2019-03-24 17:53:24 IBM-CLOUDFOUNDRY : go changed /Users/m-lukas/Documents/Projects/go/src/github.com/m-lukas/ibm-cloudfoundry/db.go 
 2019-03-24 17:53:24 IBM-CLOUDFOUNDRY : Install started 
 2019-03-24 17:53:25 IBM-CLOUDFOUNDRY : Install in 1.108 s 
 2019-03-24 17:53:25 IBM-CLOUDFOUNDRY : Build started 
 2019-03-24 17:53:26 IBM-CLOUDFOUNDRY : Build in 0.965 s 
 2019-03-24 17:54:37 IBM-CLOUDFOUNDRY : go changed /Users/m-lukas/Documents/Projects/go/src/github.com/m-lukas/ibm-cloudfoundry/db.go 
 2019-03-24 17:54:37 IBM-CLOUDFOUNDRY : Install started 
 2019-03-24 17:54:38 IBM-CLOUDFOUNDRY : Install in 1.079 s 
 2019-03-24 17:54:38 IBM-CLOUDFOUNDRY : Build started 
 2019-03-24 17:54:39 IBM-CLOUDFOUNDRY : Build in 0.946 s 
 2019-03-24 17:56:15 IBM-CLOUDFOUNDRY : go changed /Users/m-lukas/Documents/Projects/go/src/github.com/m-lukas/ibm-cloudfoundry/db.go 
 2019-03-24 17:56:16 IBM-CLOUDFOUNDRY : Install started 
 2019-03-24 17:56:17 IBM-CLOUDFOUNDRY : Install in 1.082 s 
 2019-03-24 17:56:17 IBM-CLOUDFOUNDRY : Build started 
 2019-03-24 17:56:18 IBM-CLOUDFOUNDRY : Build in 0.985 s 
 2019-03-24 17:56:49 IBM-CLOUDFOUNDRY : go changed /Users/m-lukas/Documents/Projects/go/src/github.com/m-lukas/ibm-cloudfoundry/db.go 
 2019-03-24 17:56:49 IBM-CLOUDFOUNDRY : Install started 
 2019-03-24 17:56:50 IBM-CLOUDFOUNDRY : Install in 1.109 s 
 2019-03-24 17:56:50 IBM-CLOUDFOUNDRY : Build started 
 2019-03-24 17:56:51 IBM-CLOUDFOUNDRY : Build in 0.939 s 
 2019-03-24 17:59:16 IBM-CLOUDFOUNDRY : go changed /Users/m-lukas/Documents/Projects/go/src/github.com/m-lukas/ibm-cloudfoundry/main.go 
 2019-03-24 17:59:17 IBM-CLOUDFOUNDRY : Install started 
 2019-03-24 17:59:18 IBM-CLOUDFOUNDRY : Install in 1.150 s 
 2019-03-24 17:59:18 IBM-CLOUDFOUNDRY : Build started 
 2019-03-24 17:59:19 IBM-CLOUDFOUNDRY : Build in 0.962 s 
 2019-03-24 17:59:22 IBM-CLOUDFOUNDRY : go changed /Users/m-lukas/Documents/Projects/go/src/github.com/m-lukas/ibm-cloudfoundry/db.go 
 2019-03-24 17:59:22 IBM-CLOUDFOUNDRY : Install started 
 2019-03-24 17:59:23 IBM-CLOUDFOUNDRY : Install in 1.174 s 
 2019-03-24 17:59:23 IBM-CLOUDFOUNDRY : Build started 
 2019-03-24 17:59:24 IBM-CLOUDFOUNDRY : Build in 0.990 s 
 2019-03-24 18:00:02 IBM-CLOUDFOUNDRY : go changed /Users/m-lukas/Documents/Projects/go/src/github.com/m-lukas/ibm-cloudfoundry/main.go 
 2019-03-24 18:00:02 IBM-CLOUDFOUNDRY : Install started 
 2019-03-24 18:00:03 IBM-CLOUDFOUNDRY : Install in 1.159 s 
 2019-03-24 18:00:03 IBM-CLOUDFOUNDRY : Build started 
 2019-03-24 18:00:04 IBM-CLOUDFOUNDRY : Build in 0.986 s 
 2019-03-24 18:01:04 IBM-CLOUDFOUNDRY : go changed /Users/m-lukas/Documents/Projects/go/src/github.com/m-lukas/ibm-cloudfoundry/routes.go 
 2019-03-24 18:01:04 IBM-CLOUDFOUNDRY : Install started 
 2019-03-24 18:01:05 IBM-CLOUDFOUNDRY : Build started 
 2019-03-24 18:01:24 IBM-CLOUDFOUNDRY : go changed /Users/m-lukas/Documents/Projects/go/src/github.com/m-lukas/ibm-cloudfoundry/main.go 
 2019-03-24 18:01:24 IBM-CLOUDFOUNDRY : Install started 
 2019-03-24 18:01:25 IBM-CLOUDFOUNDRY : Install in 1.127 s 
 2019-03-24 18:01:25 IBM-CLOUDFOUNDRY : Build started 
 2019-03-24 18:01:26 IBM-CLOUDFOUNDRY : Build in 0.964 s 
 2019-03-24 18:09:01 IBM-CLOUDFOUNDRY : go changed /Users/m-lukas/Documents/Projects/go/src/github.com/m-lukas/ibm-cloudfoundry/models.go 
 2019-03-24 18:09:02 IBM-CLOUDFOUNDRY : Install started 
 2019-03-24 18:09:04 IBM-CLOUDFOUNDRY : Install in 2.360 s 
 2019-03-24 18:09:04 IBM-CLOUDFOUNDRY : Build started 
 2019-03-24 18:09:06 IBM-CLOUDFOUNDRY : Build in 1.786 s 
 2019-03-24 18:13:00 IBM-CLOUDFOUNDRY : go changed /Users/m-lukas/Documents/Projects/go/src/github.com/m-lukas/ibm-cloudfoundry/routes.go 
 2019-03-24 18:13:00 IBM-CLOUDFOUNDRY : Install started 
 2019-03-24 18:13:02 IBM-CLOUDFOUNDRY : Install in 1.979 s 
 2019-03-24 18:13:02 IBM-CLOUDFOUNDRY : Build started 
 2019-03-24 18:13:04 IBM-CLOUDFOUNDRY : Build in 1.699 s 
 2019-03-24 18:25:02 IBM-CLOUDFOUNDRY : go changed /Users/m-lukas/Documents/Projects/go/src/github.com/m-lukas/ibm-cloudfoundry/routes.go 
 2019-03-24 18:25:03 IBM-CLOUDFOUNDRY : Install started 
 2019-03-24 18:25:03 IBM-CLOUDFOUNDRY : Build started 
 2019-03-24 18:25:23 IBM-CLOUDFOUNDRY : go changed /Users/m-lukas/Documents/Projects/go/src/github.com/m-lukas/ibm-cloudfoundry/main.go 
 2019-03-24 18:25:23 IBM-CLOUDFOUNDRY : Install started 
 2019-03-24 18:25:25 IBM-CLOUDFOUNDRY : Install in 1.137 s 
 2019-03-24 18:25:25 IBM-CLOUDFOUNDRY : Build started 
 2019-03-24 18:25:26 IBM-CLOUDFOUNDRY : Build in 1.013 s 
 2019-03-24 18:27:10 IBM-CLOUDFOUNDRY : go changed /Users/m-lukas/Documents/Projects/go/src/github.com/m-lukas/ibm-cloudfoundry/routes.go 
 2019-03-24 18:27:10 IBM-CLOUDFOUNDRY : Install started 
 2019-03-24 18:27:12 IBM-CLOUDFOUNDRY : Install in 1.139 s 
 2019-03-24 18:27:12 IBM-CLOUDFOUNDRY : Build started 
 2019-03-24 18:27:13 IBM-CLOUDFOUNDRY : Build in 0.972 s 
 2019-03-24 18:30:01 IBM-CLOUDFOUNDRY : Watching 4 files/s 2 folder/s 
 2019-03-24 18:30:01 IBM-CLOUDFOUNDRY : Install started 
 2019-03-24 18:30:01 IBM-CLOUDFOUNDRY : Install in 0.229 s 
 2019-03-24 18:30:01 IBM-CLOUDFOUNDRY : Build started 
 2019-03-24 18:30:02 IBM-CLOUDFOUNDRY : Build in 1.005 s 
 2019-03-24 18:32:28 IBM-CLOUDFOUNDRY : go changed /Users/m-lukas/Documents/Projects/go/src/github.com/m-lukas/ibm-cloudfoundry/main.go 
 2019-03-24 18:32:28 IBM-CLOUDFOUNDRY : Install started 
 2019-03-24 18:32:29 IBM-CLOUDFOUNDRY : Install in 1.152 s 
 2019-03-24 18:32:29 IBM-CLOUDFOUNDRY : Build started 
 2019-03-24 18:32:31 IBM-CLOUDFOUNDRY : Build in 1.094 s 
 2019-03-24 18:35:34 IBM-CLOUDFOUNDRY : go changed /Users/m-lukas/Documents/Projects/go/src/github.com/m-lukas/ibm-cloudfoundry/routes.go 
 2019-03-24 18:35:35 IBM-CLOUDFOUNDRY : Install started 
 2019-03-24 18:35:35 IBM-CLOUDFOUNDRY : Install in 0.318 s 
 2019-03-24 18:35:35 IBM-CLOUDFOUNDRY : Build started 
 2019-03-24 18:35:36 IBM-CLOUDFOUNDRY : Build in 1.084 s 
 2019-03-24 18:35:40 IBM-CLOUDFOUNDRY : go changed /Users/m-lukas/Documents/Projects/go/src/github.com/m-lukas/ibm-cloudfoundry/main.go 
 2019-03-24 18:35:40 IBM-CLOUDFOUNDRY : Install started 
 2019-03-24 18:35:40 IBM-CLOUDFOUNDRY : Build started 
 2019-03-24 18:44:28 IBM-CLOUDFOUNDRY : go changed /Users/m-lukas/Documents/Projects/go/src/github.com/m-lukas/ibm-cloudfoundry/main.go 
 2019-03-24 18:44:28 IBM-CLOUDFOUNDRY : Install started 
 2019-03-24 18:44:28 IBM-CLOUDFOUNDRY : Build started 
 2019-03-24 18:47:26 IBM-CLOUDFOUNDRY : go changed /Users/m-lukas/Documents/Projects/go/src/github.com/m-lukas/ibm-cloudfoundry/main.go 
 2019-03-24 18:47:26 IBM-CLOUDFOUNDRY : Install started 
 2019-03-24 18:47:27 IBM-CLOUDFOUNDRY : Build started 
 2019-03-24 18:47:33 IBM-CLOUDFOUNDRY : go changed /Users/m-lukas/Documents/Projects/go/src/github.com/m-lukas/ibm-cloudfoundry/main.go 
 2019-03-24 18:47:33 IBM-CLOUDFOUNDRY : Install started 
 2019-03-24 18:47:33 IBM-CLOUDFOUNDRY : Build started 
 2019-03-24 18:48:23 IBM-CLOUDFOUNDRY : go changed /Users/m-lukas/Documents/Projects/go/src/github.com/m-lukas/ibm-cloudfoundry/main.go 
 2019-03-24 18:48:23 IBM-CLOUDFOUNDRY : Install started 
 2019-03-24 18:48:24 IBM-CLOUDFOUNDRY : Install in 1.166 s 
 2019-03-24 18:48:24 IBM-CLOUDFOUNDRY : Build started 
 2019-03-24 18:48:25 IBM-CLOUDFOUNDRY : Build in 1.065 s 
 2019-03-24 18:48:40 IBM-CLOUDFOUNDRY : go changed /Users/m-lukas/Documents/Projects/go/src/github.com/m-lukas/ibm-cloudfoundry/main.go 
 2019-03-24 18:48:40 IBM-CLOUDFOUNDRY : Install started 
 2019-03-24 18:48:42 IBM-CLOUDFOUNDRY : Install in 1.137 s 
 2019-03-24 18:48:42 IBM-CLOUDFOUNDRY : Build started 
 2019-03-24 18:48:43 IBM-CLOUDFOUNDRY : Build in 0.993 s 
 2019-03-24 18:48:46 IBM-CLOUDFOUNDRY : go changed /Users/m-lukas/Documents/Projects/go/src/github.com/m-lukas/ibm-cloudfoundry/main.go 
 2019-03-24 18:48:46 IBM-CLOUDFOUNDRY : Install started 
 2019-03-24 18:48:47 IBM-CLOUDFOUNDRY : Install in 1.132 s 
 2019-03-24 18:48:47 IBM-CLOUDFOUNDRY : Build started 
 2019-03-24 18:48:48 IBM-CLOUDFOUNDRY : Build in 0.956 s 
 2019-03-24 18:50:16 IBM-CLOUDFOUNDRY : go changed /Users/m-lukas/Documents/Projects/go/src/github.com/m-lukas/ibm-cloudfoundry/main.go 
 2019-03-24 18:50:16 IBM-CLOUDFOUNDRY : Install started 
 2019-03-24 18:50:17 IBM-CLOUDFOUNDRY : Install in 1.144 s 
 2019-03-24 18:50:17 IBM-CLOUDFOUNDRY : Build started 
 2019-03-24 18:50:18 IBM-CLOUDFOUNDRY : Build in 0.948 s 
 2019-03-24 18:52:03 IBM-CLOUDFOUNDRY : Watching 4 files/s 2 folder/s 
 2019-03-24 18:52:03 IBM-CLOUDFOUNDRY : Install started 
 2019-03-24 18:52:03 IBM-CLOUDFOUNDRY : Install in 0.229 s 
 2019-03-24 18:52:03 IBM-CLOUDFOUNDRY : Build started 
 2019-03-24 18:52:04 IBM-CLOUDFOUNDRY : Build in 1.093 s 
 2019-03-24 18:53:27 IBM-CLOUDFOUNDRY : Watching 4 files/s 2 folder/s 
 2019-03-24 18:53:27 IBM-CLOUDFOUNDRY : Install started 
 2019-03-24 18:53:27 IBM-CLOUDFOUNDRY : Install in 0.221 s 
 2019-03-24 18:53:27 IBM-CLOUDFOUNDRY : Build started 
 2019-03-24 18:53:28 IBM-CLOUDFOUNDRY : Build in 1.055 s 
 2019-03-24 18:59:11 IBM-CLOUDFOUNDRY : go changed /Users/m-lukas/Documents/Projects/go/src/github.com/m-lukas/ibm-cloudfoundry/routes.go 
 2019-03-24 18:59:11 IBM-CLOUDFOUNDRY : Install started 
 2019-03-24 18:59:12 IBM-CLOUDFOUNDRY : Install in 1.162 s 
 2019-03-24 18:59:12 IBM-CLOUDFOUNDRY : Build started 
 2019-03-24 18:59:13 IBM-CLOUDFOUNDRY : Build in 1.038 s 
 2019-03-24 19:00:58 IBM-CLOUDFOUNDRY : go changed /Users/m-lukas/Documents/Projects/go/src/github.com/m-lukas/ibm-cloudfoundry/routes.go 
 2019-03-24 19:00:58 IBM-CLOUDFOUNDRY : Install started 
 2019-03-24 19:00:59 IBM-CLOUDFOUNDRY : Install in 1.115 s 
 2019-03-24 19:00:59 IBM-CLOUDFOUNDRY : Build started 
 2019-03-24 19:01:00 IBM-CLOUDFOUNDRY : Build in 1.003 s 
 2019-03-24 19:02:04 IBM-CLOUDFOUNDRY : go changed /Users/m-lukas/Documents/Projects/go/src/github.com/m-lukas/ibm-cloudfoundry/routes.go 
 2019-03-24 19:02:04 IBM-CLOUDFOUNDRY : Install started 
 2019-03-24 19:02:05 IBM-CLOUDFOUNDRY : Install in 1.090 s 
 2019-03-24 19:02:05 IBM-CLOUDFOUNDRY : Build started 
 2019-03-24 19:02:06 IBM-CLOUDFOUNDRY : Build in 0.950 s 
 2019-03-24 19:03:55 IBM-CLOUDFOUNDRY : go changed /Users/m-lukas/Documents/Projects/go/src/github.com/m-lukas/ibm-cloudfoundry/routes.go 
 2019-03-24 19:03:55 IBM-CLOUDFOUNDRY : Install started 
 2019-03-24 19:03:56 IBM-CLOUDFOUNDRY : Install in 1.128 s 
 2019-03-24 19:03:56 IBM-CLOUDFOUNDRY : Build started 
 2019-03-24 19:03:57 IBM-CLOUDFOUNDRY : Build in 0.954 s 
 2019-03-24 20:53:28 IBM-CLOUDFOUNDRY : go changed /Users/m-lukas/Documents/Projects/go/src/github.com/m-lukas/ibm-cloudfoundry/main.go 
 2019-03-24 20:53:28 IBM-CLOUDFOUNDRY : Install started 
 2019-03-24 20:53:29 IBM-CLOUDFOUNDRY : Build started 
 2019-03-24 20:53:38 IBM-CLOUDFOUNDRY : go changed /Users/m-lukas/Documents/Projects/go/src/github.com/m-lukas/ibm-cloudfoundry/main.go 
 2019-03-24 20:53:38 IBM-CLOUDFOUNDRY : Install started 
 2019-03-24 20:53:40 IBM-CLOUDFOUNDRY : Install in 1.161 s 
 2019-03-24 20:53:40 IBM-CLOUDFOUNDRY : Build started 
 2019-03-24 20:53:41 IBM-CLOUDFOUNDRY : Build in 0.961 s 
 2019-03-24 20:59:38 IBM-CLOUDFOUNDRY : go changed /Users/m-lukas/Documents/Projects/go/src/github.com/m-lukas/ibm-cloudfoundry/routes.go 
 2019-03-24 20:59:38 IBM-CLOUDFOUNDRY : Install started 
 2019-03-24 20:59:38 IBM-CLOUDFOUNDRY : Build started 
 2019-03-24 21:00:09 IBM-CLOUDFOUNDRY : go changed /Users/m-lukas/Documents/Projects/go/src/github.com/m-lukas/ibm-cloudfoundry/routes.go 
 2019-03-24 21:00:10 IBM-CLOUDFOUNDRY : Install started 
 2019-03-24 21:00:11 IBM-CLOUDFOUNDRY : Install in 1.134 s 
 2019-03-24 21:00:11 IBM-CLOUDFOUNDRY : Build started 
 2019-03-24 21:00:12 IBM-CLOUDFOUNDRY : Build in 0.986 s 
 2019-03-24 21:01:41 IBM-CLOUDFOUNDRY : go changed /Users/m-lukas/Documents/Projects/go/src/github.com/m-lukas/ibm-cloudfoundry/routes.go 
 2019-03-24 21:01:41 IBM-CLOUDFOUNDRY : Install started 
 2019-03-24 21:01:42 IBM-CLOUDFOUNDRY : Install in 1.130 s 
 2019-03-24 21:01:42 IBM-CLOUDFOUNDRY : Build started 
 2019-03-24 21:01:43 IBM-CLOUDFOUNDRY : Build in 0.995 s 
 2019-03-24 21:06:47 IBM-CLOUDFOUNDRY : go changed /Users/m-lukas/Documents/Projects/go/src/github.com/m-lukas/ibm-cloudfoundry/main.go 
 2019-03-24 21:06:47 IBM-CLOUDFOUNDRY : Install started 
 2019-03-24 21:06:48 IBM-CLOUDFOUNDRY : Install in 1.162 s 
 2019-03-24 21:06:48 IBM-CLOUDFOUNDRY : Build started 
 2019-03-24 21:06:49 IBM-CLOUDFOUNDRY : Build in 0.979 s 
 2019-03-24 21:15:26 IBM-CLOUDFOUNDRY : Watching 4 files/s 4 folder/s 
 2019-03-24 21:15:26 IBM-CLOUDFOUNDRY : Install started 
 2019-03-24 21:15:27 IBM-CLOUDFOUNDRY : Install in 0.341 s 
 2019-03-24 21:15:27 IBM-CLOUDFOUNDRY : Build started 
 2019-03-24 21:15:28 IBM-CLOUDFOUNDRY : Build in 1.116 s 
 2019-03-24 21:25:49 IBM-CLOUDFOUNDRY : go changed /Users/m-lukas/Documents/Projects/go/src/github.com/m-lukas/ibm-cloudfoundry/main.go 
 2019-03-24 21:25:49 IBM-CLOUDFOUNDRY : Install started 
 2019-03-24 21:25:51 IBM-CLOUDFOUNDRY : Install in 1.187 s 
 2019-03-24 21:25:51 IBM-CLOUDFOUNDRY : Build started 
 2019-03-24 21:25:52 IBM-CLOUDFOUNDRY : Build in 0.957 s 
 2019-03-24 21:26:50 IBM-CLOUDFOUNDRY : go changed /Users/m-lukas/Documents/Projects/go/src/github.com/m-lukas/ibm-cloudfoundry/main.go 
 2019-03-24 21:26:50 IBM-CLOUDFOUNDRY : Install started 
 2019-03-24 21:26:51 IBM-CLOUDFOUNDRY : Install in 1.136 s 
 2019-03-24 21:26:51 IBM-CLOUDFOUNDRY : Build started 
 2019-03-24 21:26:52 IBM-CLOUDFOUNDRY : Build in 0.959 s 
 2019-03-24 21:29:51 IBM-CLOUDFOUNDRY : go changed /Users/m-lukas/Documents/Projects/go/src/github.com/m-lukas/ibm-cloudfoundry/main.go 
 2019-03-24 21:29:52 IBM-CLOUDFOUNDRY : Install started 
 2019-03-24 21:29:53 IBM-CLOUDFOUNDRY : Install in 1.124 s 
 2019-03-24 21:29:53 IBM-CLOUDFOUNDRY : Build started 
 2019-03-24 21:29:54 IBM-CLOUDFOUNDRY : Build in 1.026 s 
 2019-03-24 21:31:15 IBM-CLOUDFOUNDRY : go changed /Users/m-lukas/Documents/Projects/go/src/github.com/m-lukas/ibm-cloudfoundry/main.go 
 2019-03-24 21:31:16 IBM-CLOUDFOUNDRY : Install started 
 2019-03-24 21:31:17 IBM-CLOUDFOUNDRY : Install in 1.173 s 
 2019-03-24 21:31:17 IBM-CLOUDFOUNDRY : Build started 
 2019-03-24 21:31:18 IBM-CLOUDFOUNDRY : Build in 0.978 s 
 2019-03-24 21:33:46 IBM-CLOUDFOUNDRY : go changed /Users/m-lukas/Documents/Projects/go/src/github.com/m-lukas/ibm-cloudfoundry/main.go 
 2019-03-24 21:33:46 IBM-CLOUDFOUNDRY : Install started 
 2019-03-24 21:33:46 IBM-CLOUDFOUNDRY : Build started 
 2019-03-24 21:34:12 IBM-CLOUDFOUNDRY : go changed /Users/m-lukas/Documents/Projects/go/src/github.com/m-lukas/ibm-cloudfoundry/main.go 
 2019-03-24 21:34:12 IBM-CLOUDFOUNDRY : Install started 
 2019-03-24 21:34:14 IBM-CLOUDFOUNDRY : Install in 1.172 s 
 2019-03-24 21:34:14 IBM-CLOUDFOUNDRY : Build started 
 2019-03-24 21:34:15 IBM-CLOUDFOUNDRY : Build in 0.988 s 
 2019-03-24 21:36:39 IBM-CLOUDFOUNDRY : go changed /Users/m-lukas/Documents/Projects/go/src/github.com/m-lukas/ibm-cloudfoundry/main.go 
 2019-03-24 21:36:40 IBM-CLOUDFOUNDRY : Install started 
 2019-03-24 21:36:41 IBM-CLOUDFOUNDRY : Install in 1.119 s 
 2019-03-24 21:36:41 IBM-CLOUDFOUNDRY : Build started 
 2019-03-24 21:36:42 IBM-CLOUDFOUNDRY : Build in 0.964 s 
 2019-03-24 21:39:18 IBM-CLOUDFOUNDRY : go changed /Users/m-lukas/Documents/Projects/go/src/github.com/m-lukas/ibm-cloudfoundry/main.go 
 2019-03-24 21:39:18 IBM-CLOUDFOUNDRY : Install started 
 2019-03-24 21:39:18 IBM-CLOUDFOUNDRY : Build started 
 2019-03-24 21:39:36 IBM-CLOUDFOUNDRY : go changed /Users/m-lukas/Documents/Projects/go/src/github.com/m-lukas/ibm-cloudfoundry/main.go 
 2019-03-24 21:39:36 IBM-CLOUDFOUNDRY : Install started 
 2019-03-24 21:39:37 IBM-CLOUDFOUNDRY : Install in 1.146 s 
 2019-03-24 21:39:37 IBM-CLOUDFOUNDRY : Build started 
 2019-03-24 21:39:38 IBM-CLOUDFOUNDRY : Build in 0.958 s 
 2019-03-24 21:39:58 IBM-CLOUDFOUNDRY : go changed /Users/m-lukas/Documents/Projects/go/src/github.com/m-lukas/ibm-cloudfoundry/main.go 
 2019-03-24 21:39:58 IBM-CLOUDFOUNDRY : Install started 
 2019-03-24 21:40:00 IBM-CLOUDFOUNDRY : Install in 1.250 s 
 2019-03-24 21:40:00 IBM-CLOUDFOUNDRY : Build started 
 2019-03-24 21:40:01 IBM-CLOUDFOUNDRY : Build in 1.014 s 
 2019-03-24 21:43:09 IBM-CLOUDFOUNDRY : Watching 4 files/s 2 folder/s 
 2019-03-24 21:43:09 IBM-CLOUDFOUNDRY : Install started 
 2019-03-24 21:43:09 IBM-CLOUDFOUNDRY : Install in 0.214 s 
 2019-03-24 21:43:09 IBM-CLOUDFOUNDRY : Build started 
 2019-03-24 21:43:10 IBM-CLOUDFOUNDRY : Build in 1.087 s 
 2019-03-24 21:44:21 IBM-CLOUDFOUNDRY : Watching 4 files/s 2 folder/s 
 2019-03-24 21:44:21 IBM-CLOUDFOUNDRY : Install started 
 2019-03-24 21:44:22 IBM-CLOUDFOUNDRY : Install in 0.238 s 
 2019-03-24 21:44:22 IBM-CLOUDFOUNDRY : Build started 
 2019-03-24 21:44:23 IBM-CLOUDFOUNDRY : Build in 1.025 s 
 2019-03-24 21:47:49 IBM-CLOUDFOUNDRY : Watching 4 files/s 2 folder/s 
 2019-03-24 21:47:49 IBM-CLOUDFOUNDRY : Install started 
 2019-03-24 21:47:50 IBM-CLOUDFOUNDRY : Install in 0.229 s 
 2019-03-24 21:47:50 IBM-CLOUDFOUNDRY : Build started 
 2019-03-24 21:47:51 IBM-CLOUDFOUNDRY : Build in 1.039 s 
 2019-03-24 21:48:36 IBM-CLOUDFOUNDRY : Watching 4 files/s 2 folder/s 
 2019-03-24 21:48:36 IBM-CLOUDFOUNDRY : Install started 
 2019-03-24 21:48:36 IBM-CLOUDFOUNDRY : Install in 0.233 s 
 2019-03-24 21:48:36 IBM-CLOUDFOUNDRY : Build started 
 2019-03-24 21:48:37 IBM-CLOUDFOUNDRY : Build in 0.983 s 
 2019-03-24 21:48:47 IBM-CLOUDFOUNDRY : Watching 4 files/s 2 folder/s 
 2019-03-24 21:48:47 IBM-CLOUDFOUNDRY : Install started 
 2019-03-24 21:48:47 IBM-CLOUDFOUNDRY : Install in 0.233 s 
 2019-03-24 21:48:47 IBM-CLOUDFOUNDRY : Build started 
 2019-03-24 21:48:49 IBM-CLOUDFOUNDRY : Build in 1.078 s 
 2019-03-24 21:49:40 IBM-CLOUDFOUNDRY : Watching 4 files/s 2 folder/s 
 2019-03-24 21:49:40 IBM-CLOUDFOUNDRY : Install started 
 2019-03-24 21:49:40 IBM-CLOUDFOUNDRY : Install in 0.233 s 
 2019-03-24 21:49:40 IBM-CLOUDFOUNDRY : Build started 
 2019-03-24 21:49:41 IBM-CLOUDFOUNDRY : Build in 1.057 s 
 2019-03-24 21:51:15 IBM-CLOUDFOUNDRY : Watching 4 files/s 2 folder/s 
 2019-03-24 21:51:15 IBM-CLOUDFOUNDRY : Install started 
 2019-03-24 21:51:16 IBM-CLOUDFOUNDRY : Install in 0.238 s 
 2019-03-24 21:51:16 IBM-CLOUDFOUNDRY : Build started 
 2019-03-24 21:51:17 IBM-CLOUDFOUNDRY : Build in 1.136 s 
 2019-03-24 21:51:49 IBM-CLOUDFOUNDRY : Watching 4 files/s 2 folder/s 
 2019-03-24 21:51:49 IBM-CLOUDFOUNDRY : Install started 
 2019-03-24 21:51:49 IBM-CLOUDFOUNDRY : Install in 0.214 s 
 2019-03-24 21:51:49 IBM-CLOUDFOUNDRY : Build started 
 2019-03-24 21:51:50 IBM-CLOUDFOUNDRY : Build in 1.059 s 
 2019-03-24 21:52:24 IBM-CLOUDFOUNDRY : Watching 4 files/s 2 folder/s 
 2019-03-24 21:52:24 IBM-CLOUDFOUNDRY : Install started 
 2019-03-24 21:52:24 IBM-CLOUDFOUNDRY : Install in 0.234 s 
 2019-03-24 21:52:24 IBM-CLOUDFOUNDRY : Build started 
 2019-03-24 21:52:25 IBM-CLOUDFOUNDRY : Build in 1.043 s 
 2019-03-24 21:57:44 IBM-CLOUDFOUNDRY : Watching 4 files/s 2 folder/s 
 2019-03-24 21:57:44 IBM-CLOUDFOUNDRY : Install started 
 2019-03-24 21:57:45 IBM-CLOUDFOUNDRY : Install in 0.239 s 
 2019-03-24 21:57:45 IBM-CLOUDFOUNDRY : Build started 
 2019-03-24 21:57:46 IBM-CLOUDFOUNDRY : Build in 1.182 s 
 2019-03-24 21:58:01 IBM-CLOUDFOUNDRY : Watching 4 files/s 2 folder/s 
 2019-03-24 21:58:01 IBM-CLOUDFOUNDRY : Install started 
 2019-03-24 21:58:01 IBM-CLOUDFOUNDRY : Install in 0.248 s 
 2019-03-24 21:58:01 IBM-CLOUDFOUNDRY : Build started 
 2019-03-24 21:58:02 IBM-CLOUDFOUNDRY : Build in 1.063 s 
 2019-03-24 22:01:34 IBM-CLOUDFOUNDRY : Watching 4 files/s 2 folder/s 
 2019-03-24 22:01:34 IBM-CLOUDFOUNDRY : Install started 
 2019-03-24 22:01:34 IBM-CLOUDFOUNDRY : Install in 0.239 s 
 2019-03-24 22:01:34 IBM-CLOUDFOUNDRY : Build started 
 2019-03-24 22:01:35 IBM-CLOUDFOUNDRY : Build in 1.138 s 
 2019-03-24 22:02:02 IBM-CLOUDFOUNDRY : Watching 4 files/s 2 folder/s 
 2019-03-24 22:02:02 IBM-CLOUDFOUNDRY : Install started 
 2019-03-24 22:02:03 IBM-CLOUDFOUNDRY : Install in 0.254 s 
 2019-03-24 22:02:03 IBM-CLOUDFOUNDRY : Build started 
 2019-03-24 22:02:04 IBM-CLOUDFOUNDRY : Build in 1.020 s 
 2019-03-24 22:03:48 IBM-CLOUDFOUNDRY : Watching 4 files/s 2 folder/s 
 2019-03-24 22:03:48 IBM-CLOUDFOUNDRY : Install started 
 2019-03-24 22:03:48 IBM-CLOUDFOUNDRY : Install in 0.236 s 
 2019-03-24 22:03:48 IBM-CLOUDFOUNDRY : Build started 
 2019-03-24 22:03:50 IBM-CLOUDFOUNDRY : Build in 1.045 s 
 2019-03-24 22:04:46 IBM-CLOUDFOUNDRY : Watching 4 files/s 2 folder/s 
 2019-03-24 22:04:46 IBM-CLOUDFOUNDRY : Install started 
 2019-03-24 22:04:46 IBM-CLOUDFOUNDRY : Install in 0.234 s 
 2019-03-24 22:04:46 IBM-CLOUDFOUNDRY : Build started 
 2019-03-24 22:04:47 IBM-CLOUDFOUNDRY : Build in 1.139 s 
 2019-03-24 22:06:22 IBM-CLOUDFOUNDRY : Watching 4 files/s 2 folder/s 
 2019-03-24 22:06:22 IBM-CLOUDFOUNDRY : Install started 
 2019-03-24 22:06:22 IBM-CLOUDFOUNDRY : Install in 0.244 s 
 2019-03-24 22:06:22 IBM-CLOUDFOUNDRY : Build started 
 2019-03-24 22:06:23 IBM-CLOUDFOUNDRY : Build in 1.123 s 
 2019-03-24 22:07:10 IBM-CLOUDFOUNDRY : Watching 4 files/s 2 folder/s 
 2019-03-24 22:07:10 IBM-CLOUDFOUNDRY : Install started 
 2019-03-24 22:07:10 IBM-CLOUDFOUNDRY : Install in 0.254 s 
 2019-03-24 22:07:10 IBM-CLOUDFOUNDRY : Build started 
 2019-03-24 22:07:11 IBM-CLOUDFOUNDRY : Build in 1.139 s 
 2019-03-24 22:07:45 IBM-CLOUDFOUNDRY : Watching 4 files/s 2 folder/s 
 2019-03-24 22:07:45 IBM-CLOUDFOUNDRY : Install started 
 2019-03-24 22:07:45 IBM-CLOUDFOUNDRY : Install in 0.210 s 
 2019-03-24 22:07:45 IBM-CLOUDFOUNDRY : Build started 
 2019-03-24 22:07:46 IBM-CLOUDFOUNDRY : Build in 1.045 s 
 2019-03-24 22:09:07 IBM-CLOUDFOUNDRY : Watching 4 files/s 2 folder/s 
 2019-03-24 22:09:07 IBM-CLOUDFOUNDRY : Install started 
 2019-03-24 22:09:08 IBM-CLOUDFOUNDRY : Install in 0.242 s 
 2019-03-24 22:09:08 IBM-CLOUDFOUNDRY : Build started 
 2019-03-24 22:09:09 IBM-CLOUDFOUNDRY : Build in 1.130 s 
 2019-03-24 22:11:01 IBM-CLOUDFOUNDRY : Watching 4 files/s 2 folder/s 
 2019-03-24 22:11:01 IBM-CLOUDFOUNDRY : Install started 
 2019-03-24 22:11:02 IBM-CLOUDFOUNDRY : Install in 0.241 s 
 2019-03-24 22:11:02 IBM-CLOUDFOUNDRY : Build started 
 2019-03-24 22:11:03 IBM-CLOUDFOUNDRY : Build in 1.156 s 
 2019-03-24 22:12:09 IBM-CLOUDFOUNDRY : Watching 4 files/s 2 folder/s 
 2019-03-24 22:12:09 IBM-CLOUDFOUNDRY : Install started 
 2019-03-24 22:12:09 IBM-CLOUDFOUNDRY : Install in 0.217 s 
 2019-03-24 22:12:09 IBM-CLOUDFOUNDRY : Build started 
 2019-03-24 22:12:10 IBM-CLOUDFOUNDRY : Build in 1.084 s 
 2019-03-24 22:12:25 IBM-CLOUDFOUNDRY : Watching 4 files/s 2 folder/s 
 2019-03-24 22:12:25 IBM-CLOUDFOUNDRY : Install started 
 2019-03-24 22:12:26 IBM-CLOUDFOUNDRY : Install in 0.240 s 
 2019-03-24 22:12:26 IBM-CLOUDFOUNDRY : Build started 
 2019-03-24 22:12:27 IBM-CLOUDFOUNDRY : Build in 1.069 s 
 2019-03-24 22:12:45 IBM-CLOUDFOUNDRY : Watching 4 files/s 2 folder/s 
 2019-03-24 22:12:45 IBM-CLOUDFOUNDRY : Install started 
 2019-03-24 22:12:46 IBM-CLOUDFOUNDRY : Install in 0.236 s 
 2019-03-24 22:12:46 IBM-CLOUDFOUNDRY : Build started 
 2019-03-24 22:12:47 IBM-CLOUDFOUNDRY : Build in 0.992 s 
 2019-03-24 22:14:03 IBM-CLOUDFOUNDRY : Watching 4 files/s 2 folder/s 
 2019-03-24 22:14:03 IBM-CLOUDFOUNDRY : Install started 
 2019-03-24 22:14:04 IBM-CLOUDFOUNDRY : Install in 0.214 s 
 2019-03-24 22:14:04 IBM-CLOUDFOUNDRY : Build started 
 2019-03-24 22:14:05 IBM-CLOUDFOUNDRY : Build in 1.101 s 
 2019-03-24 22:14:39 IBM-CLOUDFOUNDRY : Watching 4 files/s 2 folder/s 
 2019-03-24 22:14:39 IBM-CLOUDFOUNDRY : Install started 
 2019-03-24 22:14:39 IBM-CLOUDFOUNDRY : Install in 0.210 s 
 2019-03-24 22:14:39 IBM-CLOUDFOUNDRY : Build started 
 2019-03-24 22:14:40 IBM-CLOUDFOUNDRY : Build in 0.976 s 
 2019-03-24 22:15:56 IBM-CLOUDFOUNDRY : Watching 4 files/s 2 folder/s 
 2019-03-24 22:15:56 IBM-CLOUDFOUNDRY : Install started 
 2019-03-24 22:15:56 IBM-CLOUDFOUNDRY : Install in 0.214 s 
 2019-03-24 22:15:56 IBM-CLOUDFOUNDRY : Build started 
 2019-03-24 22:15:57 IBM-CLOUDFOUNDRY : Build in 0.950 s 
 2019-03-24 22:16:18 IBM-CLOUDFOUNDRY : go changed /Users/m-lukas/Documents/Projects/go/src/github.com/m-lukas/ibm-cloudfoundry/main.go 
                                                                                                                                           2019-03-24 22:16:19 IBM-CLOUDFOUNDRY : Install started 
 2019-03-24 22:16:20 IBM-CLOUDFOUNDRY : Install in 1.134 s 
 2019-03-24 22:16:20 IBM-CLOUDFOUNDRY : Build started 
 2019-03-24 22:16:21 IBM-CLOUDFOUNDRY : Build in 1.011 s 
 2019-03-24 22:18:18 IBM-CLOUDFOUNDRY : Watching 4 files/s 2 folder/s 
 2019-03-24 22:18:18 IBM-CLOUDFOUNDRY : Install started 
 2019-03-24 22:18:18 IBM-CLOUDFOUNDRY : Install in 0.207 s 
 2019-03-24 22:18:18 IBM-CLOUDFOUNDRY : Build started 
 2019-03-24 22:18:19 IBM-CLOUDFOUNDRY : Build in 0.955 s 
 2019-03-24 22:18:49 IBM-CLOUDFOUNDRY : Watching 4 files/s 2 folder/s 
 2019-03-24 22:18:49 IBM-CLOUDFOUNDRY : Install started 
 2019-03-24 22:18:50 IBM-CLOUDFOUNDRY : Install in 0.218 s 
 2019-03-24 22:18:50 IBM-CLOUDFOUNDRY : Build started 
 2019-03-24 22:18:51 IBM-CLOUDFOUNDRY : Build in 1.072 s 
 2019-03-24 22:19:29 IBM-CLOUDFOUNDRY : Watching 4 files/s 2 folder/s 
 2019-03-24 22:19:29 IBM-CLOUDFOUNDRY : Install started 
 2019-03-24 22:19:30 IBM-CLOUDFOUNDRY : Install in 0.240 s 
 2019-03-24 22:19:30 IBM-CLOUDFOUNDRY : Build started 
 2019-03-24 22:19:31 IBM-CLOUDFOUNDRY : Build in 1.065 s 
 2019-03-24 22:21:24 IBM-CLOUDFOUNDRY : Watching 4 files/s 2 folder/s 
 2019-03-24 22:21:24 IBM-CLOUDFOUNDRY : Install started 
 2019-03-24 22:21:24 IBM-CLOUDFOUNDRY : Install in 0.216 s 
 2019-03-24 22:21:24 IBM-CLOUDFOUNDRY : Build started 
 2019-03-24 22:21:25 IBM-CLOUDFOUNDRY : Build in 1.055 s 
 2019-03-24 22:22:15 IBM-CLOUDFOUNDRY : Watching 4 files/s 2 folder/s 
 2019-03-24 22:22:15 IBM-CLOUDFOUNDRY : Install started 
 2019-03-24 22:22:15 IBM-CLOUDFOUNDRY : Install in 0.236 s 
 2019-03-24 22:22:15 IBM-CLOUDFOUNDRY : Build started 
 2019-03-24 22:22:16 IBM-CLOUDFOUNDRY : Build in 1.081 s 
 2019-03-24 22:23:46 IBM-CLOUDFOUNDRY : Watching 4 files/s 2 folder/s 
 2019-03-24 22:23:46 IBM-CLOUDFOUNDRY : Install started 
 2019-03-24 22:23:47 IBM-CLOUDFOUNDRY : Install in 0.213 s 
 2019-03-24 22:23:47 IBM-CLOUDFOUNDRY : Build started 
 2019-03-24 22:23:48 IBM-CLOUDFOUNDRY : Build in 1.015 s 
 2019-03-24 22:24:20 IBM-CLOUDFOUNDRY : go changed /Users/m-lukas/Documents/Projects/go/src/github.com/m-lukas/ibm-cloudfoundry/routes.go 
 2019-03-24 22:24:20 IBM-CLOUDFOUNDRY : Install started 
 2019-03-24 22:24:21 IBM-CLOUDFOUNDRY : Install in 1.112 s 
 2019-03-24 22:24:21 IBM-CLOUDFOUNDRY : Build started 
 2019-03-24 22:24:22 IBM-CLOUDFOUNDRY : Build in 0.968 s 
 2019-03-24 22:26:37 IBM-CLOUDFOUNDRY : Watching 4 files/s 2 folder/s 
 2019-03-24 22:26:37 IBM-CLOUDFOUNDRY : Install started 
 2019-03-24 22:26:37 IBM-CLOUDFOUNDRY : Install in 0.212 s 
 2019-03-24 22:26:37 IBM-CLOUDFOUNDRY : Build started 
 2019-03-24 22:26:38 IBM-CLOUDFOUNDRY : Build in 0.943 s 
 2019-03-24 22:27:18 IBM-CLOUDFOUNDRY : Watching 4 files/s 2 folder/s 
 2019-03-24 22:27:18 IBM-CLOUDFOUNDRY : Install started 
 2019-03-24 22:27:18 IBM-CLOUDFOUNDRY : Install in 0.232 s 
 2019-03-24 22:27:18 IBM-CLOUDFOUNDRY : Build started 
 2019-03-24 22:27:19 IBM-CLOUDFOUNDRY : Build in 1.103 s 
 2019-03-24 22:29:24 IBM-CLOUDFOUNDRY : Watching 4 files/s 2 folder/s 
 2019-03-24 22:29:25 IBM-CLOUDFOUNDRY : Install started 
 2019-03-24 22:29:25 IBM-CLOUDFOUNDRY : Install in 0.228 s 
 2019-03-24 22:29:25 IBM-CLOUDFOUNDRY : Build started 
 2019-03-24 22:29:26 IBM-CLOUDFOUNDRY : Build in 1.117 s 
 2019-03-24 22:31:01 IBM-CLOUDFOUNDRY : Watching 4 files/s 2 folder/s 
 2019-03-24 22:31:01 IBM-CLOUDFOUNDRY : Install started 
 2019-03-24 22:31:01 IBM-CLOUDFOUNDRY : Install in 0.214 s 
 2019-03-24 22:31:01 IBM-CLOUDFOUNDRY : Build started 
 2019-03-24 22:31:02 IBM-CLOUDFOUNDRY : Build in 1.072 s 
 2019-03-24 22:31:32 IBM-CLOUDFOUNDRY : Watching 4 files/s 2 folder/s 
 2019-03-24 22:31:32 IBM-CLOUDFOUNDRY : Install started 
 2019-03-24 22:31:32 IBM-CLOUDFOUNDRY : Install in 0.234 s 
 2019-03-24 22:31:32 IBM-CLOUDFOUNDRY : Build started 
 2019-03-24 22:31:33 IBM-CLOUDFOUNDRY : Build in 1.013 s 
 2019-03-24 22:42:55 IBM-CLOUDFOUNDRY : go changed /Users/m-lukas/Documents/Projects/go/src/github.com/m-lukas/ibm-cloudfoundry/main.go 
 2019-03-24 22:42:55 IBM-CLOUDFOUNDRY : Install started 
 2019-03-24 22:42:55 IBM-CLOUDFOUNDRY : Build started 
 2019-03-24 22:46:43 IBM-CLOUDFOUNDRY : Watching 4 files/s 2 folder/s 
 2019-03-24 22:46:43 IBM-CLOUDFOUNDRY : Install started 
 2019-03-24 22:46:43 IBM-CLOUDFOUNDRY : Build started 
 2019-03-24 22:47:01 IBM-CLOUDFOUNDRY : go changed /Users/m-lukas/Documents/Projects/go/src/github.com/m-lukas/ibm-cloudfoundry/main.go 
 2019-03-24 22:47:01 IBM-CLOUDFOUNDRY : Install started 
 2019-03-24 22:47:02 IBM-CLOUDFOUNDRY : Install in 1.185 s 
 2019-03-24 22:47:02 IBM-CLOUDFOUNDRY : Build started 
 2019-03-24 22:47:03 IBM-CLOUDFOUNDRY : Build in 0.980 s 
 2019-03-24 23:05:20 IBM-CLOUDFOUNDRY : go changed /Users/m-lukas/Documents/Projects/go/src/github.com/m-lukas/ibm-cloudfoundry/main.go 
 2019-03-24 23:05:20 IBM-CLOUDFOUNDRY : Install started 
 2019-03-24 23:05:20 IBM-CLOUDFOUNDRY : Build started 
 2019-03-24 23:05:25 IBM-CLOUDFOUNDRY : go changed /Users/m-lukas/Documents/Projects/go/src/github.com/m-lukas/ibm-cloudfoundry/main.go 
 2019-03-24 23:05:25 IBM-CLOUDFOUNDRY : Install started 
 2019-03-24 23:05:26 IBM-CLOUDFOUNDRY : Install in 1.439 s 
 2019-03-24 23:05:26 IBM-CLOUDFOUNDRY : Build started 
 2019-03-24 23:05:28 IBM-CLOUDFOUNDRY : Build in 1.177 s 
 2019-03-25 00:07:35 IBM-CLOUDFOUNDRY : Watching 4 files/s 2 folder/s 
 2019-03-25 00:07:35 IBM-CLOUDFOUNDRY : Install started 
 2019-03-25 00:07:35 IBM-CLOUDFOUNDRY : Install in 0.242 s 
 2019-03-25 00:07:35 IBM-CLOUDFOUNDRY : Build started 
 2019-03-25 00:07:36 IBM-CLOUDFOUNDRY : Build in 1.075 s 
 2019-03-25 12:25:25 IBM-CLOUDFOUNDRY : Watching 4 files/s 2 folder/s 
 2019-03-25 12:25:25 IBM-CLOUDFOUNDRY : Install started 
 2019-03-25 12:25:26 IBM-CLOUDFOUNDRY : Install in 1.080 s 
 2019-03-25 12:25:26 IBM-CLOUDFOUNDRY : Build started 
 2019-03-25 12:25:27 IBM-CLOUDFOUNDRY : Build in 1.007 s 
 2019-03-25 12:26:25 IBM-CLOUDFOUNDRY : Watching 4 files/s 2 folder/s 
 2019-03-25 12:26:25 IBM-CLOUDFOUNDRY : Install started 
 2019-03-25 12:26:26 IBM-CLOUDFOUNDRY : Install in 0.985 s 
 2019-03-25 12:26:26 IBM-CLOUDFOUNDRY : Build started 
 2019-03-25 12:26:27 IBM-CLOUDFOUNDRY : Build in 0.982 s 
 2019-03-25 12:26:55 IBM-CLOUDFOUNDRY : go changed /Users/m-lukas/Documents/Projects/go/src/github.com/m-lukas/ibm-cloudfoundry/main.go 
 2019-03-25 12:26:55 IBM-CLOUDFOUNDRY : Install started 
 2019-03-25 12:26:57 IBM-CLOUDFOUNDRY : Install in 1.291 s 
 2019-03-25 12:26:57 IBM-CLOUDFOUNDRY : Build started 
 